Replace Symbol from AM1 LED2 in \\files0\data\bisconti\My Documents\ReRAM Board\FPGA_board_and_power.SchDoc with LED2 from Miscellaneous Devices.IntLib
Replace Symbol from C11 Cap2 in \\files0\data\bisconti\My Documents\ReRAM Board\FPGA_board_and_power.SchDoc with Cap2 from Miscellaneous Devices.IntLib
Replace Symbol from C12 Cap2 in \\files0\data\bisconti\My Documents\ReRAM Board\FPGA_board_and_power.SchDoc with Cap2 from Miscellaneous Devices.IntLib
Replace Symbol from C13 Cap2 in \\files0\data\bisconti\My Documents\ReRAM Board\FPGA_board_and_power.SchDoc with Cap2 from Miscellaneous Devices.IntLib
Replace Symbol from C14 Cap2 in \\files0\data\bisconti\My Documents\ReRAM Board\FPGA_board_and_power.SchDoc with Cap2 from Miscellaneous Devices.IntLib
Replace Symbol from C15 Cap2 in \\files0\data\bisconti\My Documents\ReRAM Board\FPGA_board_and_power.SchDoc with Cap2 from Miscellaneous Devices.IntLib
Replace Symbol from DC1 LT3007ETS8-3.3#TRMPBF in \\files0\data\bisconti\My Documents\ReRAM Board\FPGA_board_and_power.SchDoc with LT3007ETS8-3.3#TRMPBF from Linear Technology Power Management LDO Linear Regulators.IntLib
Replace Symbol from DC2 TEN_3-1221 in \\files0\data\bisconti\My Documents\ReRAM Board\FPGA_board_and_power.SchDoc with TEN_3-1221 from ReRAM_Board_library.IntLib
Replace Symbol from FPGA_Board1 Cmod_S6 in \\files0\data\bisconti\My Documents\ReRAM Board\FPGA_board_and_power.SchDoc with Cmod_S6 from ReRAM_Board_library.IntLib
Replace Symbol from GR1 LED2 in \\files0\data\bisconti\My Documents\ReRAM Board\FPGA_board_and_power.SchDoc with LED2 from Miscellaneous Devices.IntLib
Replace Symbol from GR2 LED2 in \\files0\data\bisconti\My Documents\ReRAM Board\FPGA_board_and_power.SchDoc with LED2 from Miscellaneous Devices.IntLib
Replace Symbol from GR3 LED2 in \\files0\data\bisconti\My Documents\ReRAM Board\FPGA_board_and_power.SchDoc with LED2 from Miscellaneous Devices.IntLib
Replace Symbol from GR4 LED2 in \\files0\data\bisconti\My Documents\ReRAM Board\FPGA_board_and_power.SchDoc with LED2 from Miscellaneous Devices.IntLib
Replace Symbol from J1 PWR2.5 in \\files0\data\bisconti\My Documents\ReRAM Board\FPGA_board_and_power.SchDoc with PWR2.5 from Miscellaneous Connectors.IntLib
Replace Symbol from P1 Header 24 in \\files0\data\bisconti\My Documents\ReRAM Board\FPGA_board_and_power.SchDoc with Header 24 from Miscellaneous Connectors.IntLib
Replace Symbol from P2 Header 24 in \\files0\data\bisconti\My Documents\ReRAM Board\FPGA_board_and_power.SchDoc with Header 24 from Miscellaneous Connectors.IntLib
Replace Symbol from P3 Header 2 in \\files0\data\bisconti\My Documents\ReRAM Board\FPGA_board_and_power.SchDoc with Header 2 from Miscellaneous Connectors.IntLib
Replace Symbol from P4 Header 2 in \\files0\data\bisconti\My Documents\ReRAM Board\FPGA_board_and_power.SchDoc with Header 2 from Miscellaneous Connectors.IntLib
Replace Symbol from R1 Res3 in \\files0\data\bisconti\My Documents\ReRAM Board\FPGA_board_and_power.SchDoc with Res3 from Miscellaneous Devices.IntLib
Replace Symbol from R2 Res3 in \\files0\data\bisconti\My Documents\ReRAM Board\FPGA_board_and_power.SchDoc with Res3 from Miscellaneous Devices.IntLib
Replace Symbol from R3 Res3 in \\files0\data\bisconti\My Documents\ReRAM Board\FPGA_board_and_power.SchDoc with Res3 from Miscellaneous Devices.IntLib
Replace Symbol from R4 Res3 in \\files0\data\bisconti\My Documents\ReRAM Board\FPGA_board_and_power.SchDoc with Res3 from Miscellaneous Devices.IntLib
Replace Symbol from R5 Res3 in \\files0\data\bisconti\My Documents\ReRAM Board\FPGA_board_and_power.SchDoc with Res3 from Miscellaneous Devices.IntLib
Replace Symbol from R6 Res3 in \\files0\data\bisconti\My Documents\ReRAM Board\FPGA_board_and_power.SchDoc with Res3 from Miscellaneous Devices.IntLib
Replace Symbol from R7 Res3 in \\files0\data\bisconti\My Documents\ReRAM Board\FPGA_board_and_power.SchDoc with Res3 from Miscellaneous Devices.IntLib
Replace Symbol from R8 Res3 in \\files0\data\bisconti\My Documents\ReRAM Board\FPGA_board_and_power.SchDoc with Res3 from Miscellaneous Devices.IntLib
Replace Symbol from RD1 LED2 in \\files0\data\bisconti\My Documents\ReRAM Board\FPGA_board_and_power.SchDoc with LED2 from Miscellaneous Devices.IntLib
Replace Symbol from RD2 LED2 in \\files0\data\bisconti\My Documents\ReRAM Board\FPGA_board_and_power.SchDoc with LED2 from Miscellaneous Devices.IntLib
Replace Symbol from YL1 LED2 in \\files0\data\bisconti\My Documents\ReRAM Board\FPGA_board_and_power.SchDoc with LED2 from Miscellaneous Devices.IntLib
