Removed Member From Class: ClassName=RWcircuit_2 Member=BNC3
Removed Member From Class: ClassName=RWcircuit_1 Member=P1
Removed Member From Class: ClassName=RWcircuit_1 Member=P2
Removed Member From Class: ClassName=FPGA_board_and_power Member=P5
Removed Member From Class: ClassName=RWcircuit_1 Member=R1
Removed Member From Class: ClassName=RWcircuit_2 Member=R2
Removed Member From Class: ClassName=RWcircuit_2 Member=R3
Removed Member From Class: ClassName=RWcircuit_2 Member=R4
Removed Member From Class: ClassName=RWcircuit_2 Member=R5
Removed Member From Class: ClassName=RWcircuit_2 Member=R6
Removed Member From Class: ClassName=RWcircuit_2 Member=R7
Added Member To Class: ClassName=RWcircuit_1 Member=Component B2 Banana_conn
Added Member To Class: ClassName=RWcircuit_1 Member=Component B3 Banana_conn
Added Member To Class: ClassName=RWcircuit_1 Member=Component B4 Banana_conn
Added Member To Class: ClassName=RWcircuit_2 Member=Component BNC4 BNC
Added Member To Class: ClassName=FPGA_board_and_power Member=Component C13 Cap2
Added Member To Class: ClassName=FPGA_board_and_power Member=Component C15 Cap2
Added Member To Class: ClassName=FPGA_board_and_power Member=Component P3 Header 2
Added Member To Class: ClassName=FPGA_board_and_power Member=Component P4 Header 2
Added Member To Class: ClassName=RWcircuit_1 Member=Component P6 Header 2
Added Member To Class: ClassName=RWcircuit_1 Member=Component P8 Header 2
Added Member To Class: ClassName=RWcircuit_1 Member=Component P10 Header 2
Added Member To Class: ClassName=RWcircuit_1 Member=Component P12 Header 2
Added Member To Class: ClassName=RWcircuit_1 Member=Component P13 Header 2
Added Member To Class: ClassName=RWcircuit_1 Member=Component P16 Header 2
Added Member To Class: ClassName=RWcircuit_1 Member=Component P17 Header 2
Added Member To Class: ClassName=RWcircuit_1 Member=Component R9 RPot SM
Added Member To Class: ClassName=RWcircuit_2 Member=Component R10 Res3
Added Member To Class: ClassName=RWcircuit_2 Member=Component R11 RPot SM
Added Member To Class: ClassName=RWcircuit_2 Member=Component R12 Res3
Added Member To Class: ClassName=RWcircuit_2 Member=Component R13 Res3
Added Member To Class: ClassName=RWcircuit_2 Member=Component R14 RPot SM
Added Member To Class: ClassName=RWcircuit_2 Member=Component R15 Res3
