Removed Pin From Net: NetName=A0 Pin=P2-14
Removed Pin From Net: NetName=A1 Pin=P2-15
Removed Pin From Net: NetName=A2 Pin=P2-16
Removed Pin From Net: NetName=A3 Pin=P2-17
Removed Pin From Net: NetName=S0 Pin=P2-18
Removed Pin From Net: NetName=S1 Pin=P2-19
Removed Pin From Net: NetName=S2 Pin=P2-20
Removed Pin From Net: NetName=S3 Pin=P2-21
Removed Pin From Net: NetName=S4 Pin=P2-22
Removed Pin From Net: NetName=S5 Pin=P2-23
Added Pin To Net: NetName=LED_GR Pin=P2-1
Added Pin To Net: NetName=LED_YL Pin=P2-2
Added Pin To Net: NetName=LED_RD Pin=P2-3
Added Pin To Net: NetName=LED_AM Pin=P2-4
Added Pin To Net: NetName=A0 Pin=P2-5
Added Pin To Net: NetName=A1 Pin=P2-6
Added Pin To Net: NetName=A2 Pin=P2-7
Added Pin To Net: NetName=A3 Pin=P2-8
Added Pin To Net: NetName=S0 Pin=P2-9
Added Pin To Net: NetName=S1 Pin=P2-10
Added Pin To Net: NetName=S2 Pin=P2-11
Added Pin To Net: NetName=S3 Pin=P2-12
Added Pin To Net: NetName=S4 Pin=P2-13
Added Pin To Net: NetName=S5 Pin=P2-14
Added Pin To Net: NetName=PIO26 Pin=FPGA_Board1-26
Added Pin To Net: NetName=PIO26 Pin=P2-23
Added Net: Name=PIO26
Added Pin To Net: NetName=PIO27 Pin=FPGA_Board1-27
Added Pin To Net: NetName=PIO27 Pin=P2-22
Added Net: Name=PIO27
Added Pin To Net: NetName=PIO28 Pin=FPGA_Board1-28
Added Pin To Net: NetName=PIO28 Pin=P2-21
Added Net: Name=PIO28
Added Pin To Net: NetName=PIO29 Pin=FPGA_Board1-29
Added Pin To Net: NetName=PIO29 Pin=P2-20
Added Net: Name=PIO29
Added Pin To Net: NetName=PIO30 Pin=FPGA_Board1-30
Added Pin To Net: NetName=PIO30 Pin=P2-19
Added Net: Name=PIO30
Added Pin To Net: NetName=PIO31 Pin=FPGA_Board1-31
Added Pin To Net: NetName=PIO31 Pin=P2-18
Added Net: Name=PIO31
Added Pin To Net: NetName=PIO32 Pin=FPGA_Board1-32
Added Pin To Net: NetName=PIO32 Pin=P2-17
Added Net: Name=PIO32
Added Pin To Net: NetName=PIO33 Pin=FPGA_Board1-33
Added Pin To Net: NetName=PIO33 Pin=P2-16
Added Net: Name=PIO33
Added Pin To Net: NetName=PIO34 Pin=FPGA_Board1-34
Added Pin To Net: NetName=PIO34 Pin=P2-15
Added Net: Name=PIO34
