Removed Pin From Net: NetName=NetP15_1 Pin=R9-1
Removed Pin From Net: NetName=NetP16_2 Pin=R9-3
Removed Pin From Net: NetName=NetR10_1 Pin=R10-1
Removed Pin From Net: NetName=NetC1_2 Pin=R10-2
Removed Pin From Net: NetName=NetR10_1 Pin=R11-1
Removed Pin From Net: NetName=NetP18_1 Pin=R12-1
Removed Pin From Net: NetName=NetR12_2 Pin=R13-2
Removed Pin From Net: NetName=GND Pin=R14-3
Removed Pin From Net: NetName=NetR10_1 Pin=T4-1
Removed Pin From Net: NetName=NetR10_1 Pin=U1-3
Removed Member From Class: ClassName=RWcircuit_2 Member=R13
Change Component Designator: OldDesignator=R12 NewDesignator=R10
Added Component: Designator=R12(J1-0603)
Added Pin To Net: NetName=NetP16_2 Pin=R9-2
Added Pin To Net: NetName=NetP15_1 Pin=R9-3
Added Pin To Net: NetName=NetR10_1 Pin=R10-1
Added Pin To Net: NetName=NetC1_2 Pin=R11-1
Added Pin To Net: NetName=GND Pin=R12-1
Added Pin To Net: NetName=NetR10_1 Pin=R12-2
Added Pin To Net: NetName=NetR12_2 Pin=R14-1
Added Pin To Net: NetName=NetP18_1 Pin=R14-2
Added Pin To Net: NetName=NetR10_1 Pin=T7-1
Added Pin To Net: NetName=NetR10_1 Pin=U1-5
Change Net Name : Old Net Name=NetR12_2 New Net Name=NetR10_2
Added Pin To Net: NetName=NetR11_2 Pin=R11-2
Added Pin To Net: NetName=NetR11_2 Pin=T4-1
Added Pin To Net: NetName=NetR11_2 Pin=U1-3
Added Net: Name=NetR11_2
