Added Component: Designator=FPGA_Board1(Cmod_S6_double_conn)
Added Pin To Net: NetName=NetFPGA_Board1_10 Pin=FPGA_Board1-10
Added Pin To Net: NetName=MODERW0 Pin=FPGA_Board1-11
Added Pin To Net: NetName=MODERW1 Pin=FPGA_Board1-12
Added Pin To Net: NetName=NetFPGA_Board1_13 Pin=FPGA_Board1-13
Added Pin To Net: NetName=NetFPGA_Board1_14 Pin=FPGA_Board1-14
Added Pin To Net: NetName=NetDACA1_10 Pin=FPGA_Board1-16
Added Pin To Net: NetName=NetDACB1_10 Pin=FPGA_Board1-17
Added Pin To Net: NetName=DAC0 Pin=FPGA_Board1-18
Added Pin To Net: NetName=DAC1 Pin=FPGA_Board1-19
Added Pin To Net: NetName=DAC2 Pin=FPGA_Board1-20
Added Pin To Net: NetName=DAC3 Pin=FPGA_Board1-21
Added Pin To Net: NetName=DAC4 Pin=FPGA_Board1-22
Added Pin To Net: NetName=DAC5 Pin=FPGA_Board1-23
Added Pin To Net: NetName=VSUPPLY Pin=FPGA_Board1-24
Added Pin To Net: NetName=GND Pin=FPGA_Board1-25
Added Pin To Net: NetName=S4 Pin=FPGA_Board1-40
Added Pin To Net: NetName=S3 Pin=FPGA_Board1-41
Added Pin To Net: NetName=S2 Pin=FPGA_Board1-42
Added Pin To Net: NetName=S1 Pin=FPGA_Board1-43
Added Pin To Net: NetName=S0 Pin=FPGA_Board1-44
Added Pin To Net: NetName=A3 Pin=FPGA_Board1-45
Added Pin To Net: NetName=A2 Pin=FPGA_Board1-46
Added Pin To Net: NetName=A1 Pin=FPGA_Board1-47
Added Pin To Net: NetName=A0 Pin=FPGA_Board1-48
Added Member To Class: ClassName=FPGA_board_and_power Member=Component FPGA_Board1 Cmod_S6
