Added Component: Designator=T1(Test_pad)
Added Component: Designator=T2(Test_pad)
Added Component: Designator=T3(Test_pad)
Added Component: Designator=T4(Test_pad)
Added Component: Designator=T5(Test_pad)
Added Component: Designator=T6(Test_pad)
Added Component: Designator=T7(Test_pad)
Added Component: Designator=T8(Test_pad)
Added Component: Designator=T9(Test_pad)
Added Component: Designator=T10(Test_pad)
Added Component: Designator=T11(Test_pad)
Added Component: Designator=T12(Test_pad)
Added Pin To Net: NetName=VSET Pin=T1-1
Added Pin To Net: NetName=VRESET Pin=T2-1
Added Pin To Net: NetName=VFORM Pin=T3-1
Added Pin To Net: NetName=NetR10_1 Pin=T4-1
Added Pin To Net: NetName=NetP18_1 Pin=T5-1
Added Pin To Net: NetName=NetLevelTr1_13 Pin=T6-1
Added Pin To Net: NetName=NetR13_1 Pin=T7-1
Added Pin To Net: NetName=NetLevelTr1_12 Pin=T8-1
Added Pin To Net: NetName=NetP20_1 Pin=T9-1
Added Pin To Net: NetName=NetDACA1_14 Pin=T10-1
Added Pin To Net: NetName=NetU2_6 Pin=T11-1
Added Pin To Net: NetName=NetDACB1_14 Pin=T12-1
Change Net Name : Old Net Name=NetU2_6 New Net Name=NetT11_1
Added Member To Class: ClassName=RWcircuit_2 Member=Component R14 RPot
Added Member To Class: ClassName=RWcircuit_1 Member=Component T1 Test_pad
Added Member To Class: ClassName=RWcircuit_1 Member=Component T2 Test_pad
Added Member To Class: ClassName=RWcircuit_1 Member=Component T3 Test_pad
Added Member To Class: ClassName=RWcircuit_2 Member=Component T4 Test_pad
Added Member To Class: ClassName=RWcircuit_2 Member=Component T5 Test_pad
Added Member To Class: ClassName=RWcircuit_2 Member=Component T6 Test_pad
Added Member To Class: ClassName=RWcircuit_2 Member=Component T7 Test_pad
Added Member To Class: ClassName=RWcircuit_2 Member=Component T8 Test_pad
Added Member To Class: ClassName=RWcircuit_2 Member=Component T9 Test_pad
Added Member To Class: ClassName=RWcircuit_2 Member=Component T10 Test_pad
Added Member To Class: ClassName=RWcircuit_2 Member=Component T11 Test_pad
Added Member To Class: ClassName=RWcircuit_2 Member=Component T12 Test_pad
