Removed Pin From Net: NetName=NetBNC4_1 Pin=BNC4-1
Removed Pin From Net: NetName=GND Pin=BNC4-2
Removed Pin From Net: NetName=GND Pin=BNC4-2
Removed Pin From Net: NetName=GND Pin=BNC4-2
Removed Pin From Net: NetName=VSUPPLY Pin=C13-1
Removed Pin From Net: NetName=GND Pin=C13-2
Removed Pin From Net: NetName=-5V Pin=C14-1
Removed Pin From Net: NetName=5V Pin=C15-1
Removed Pin From Net: NetName=VRESET Pin=P6-1
Removed Pin From Net: NetName=NetBNC2_1 Pin=P6-2
Removed Pin From Net: NetName=NetP7_1 Pin=P8-2
Removed Pin From Net: NetName=VFORM Pin=P9-1
Removed Pin From Net: NetName=VRESET Pin=P10-1
Removed Pin From Net: NetName=VRESET Pin=P11-1
Removed Pin From Net: NetName=NetC4_1 Pin=P11-2
Removed Pin From Net: NetName=NetMUX6_22 Pin=P16-2
Removed Pin From Net: NetName=NetBNC4_1 Pin=P17-1
Removed Pin From Net: NetName=NetMUX6_22 Pin=P17-2
Removed Pin From Net: NetName=NetC4_1 Pin=P?-1
Removed Pin From Net: NetName=NetR10_1 Pin=R10-1
Removed Pin From Net: NetName=NetC1_2 Pin=R10-2
Removed Pin From Net: NetName=GND Pin=R11-CCW
Removed Pin From Net: NetName=NetR10_1 Pin=R11-CW
Removed Pin From Net: NetName=NetR12_2 Pin=R12-2
Removed Pin From Net: NetName=NetR13_1 Pin=R13-1
Removed Pin From Net: NetName=NetR12_2 Pin=R13-2
Removed Pin From Net: NetName=GND Pin=R14-CCW
Removed Pin From Net: NetName=NetR13_1 Pin=R14-CW
Removed Pin From Net: NetName=NetR15_1 Pin=R15-1
Removed Pin From Net: NetName=NetR15_2 Pin=R15-2
Removed Member From Class: ClassName=RWcircuit_1 Member=P8
Removed Member From Class: ClassName=RWcircuit_1 Member=P9
Change Component Designator: OldDesignator=B? NewDesignator=B1
Change Component Designator: OldDesignator=B? NewDesignator=B2
Change Component Designator: OldDesignator=B? NewDesignator=B3
Change Component Designator: OldDesignator=B? NewDesignator=B4
Change Component Designator: OldDesignator=DC1 NewDesignator=DC2
Change Component Designator: OldDesignator=DC2 NewDesignator=DC1
Change Component Designator: OldDesignator=GR2 NewDesignator=GR3
Change Component Designator: OldDesignator=GR3 NewDesignator=GR2
Change Component Designator: OldDesignator=P3 NewDesignator=P5
Change Component Designator: OldDesignator=P4 NewDesignator=P6
Change Component Designator: OldDesignator=P5 NewDesignator=P7
Change Component Designator: OldDesignator=P7 NewDesignator=P9
Change Component Designator: OldDesignator=P8 NewDesignator=P18
Change Component Designator: OldDesignator=P9 NewDesignator=P19
Change Component Designator: OldDesignator=P12 NewDesignator=P14
Change Component Designator: OldDesignator=P13 NewDesignator=P15
Change Component Designator: OldDesignator=P14 NewDesignator=P16
Change Component Designator: OldDesignator=P15 NewDesignator=P17
Change Component Designator: OldDesignator=P18 NewDesignator=P20
Change Component Designator: OldDesignator=P? NewDesignator=P3
Change Component Designator: OldDesignator=P? NewDesignator=P4
Added Component: Designator=BNC4(BNC_RA CON)
Added Component: Designator=C13(CAPR5-4X5)
Added Component: Designator=P8(HDR1X2)
Added Component: Designator=P12(HDR1X2)
Added Component: Designator=P13(HDR1X2)
Added Component: Designator=R9(POT4MM-2)
Added Component: Designator=R10(J1-0603)
Added Component: Designator=R11(POT4MM-2)
Added Component: Designator=R12(J1-0603)
Added Component: Designator=R13(J1-0603)
Added Component: Designator=R14(POT4MM-2)
Added Component: Designator=R15(J1-0603)
Added Pin To Net: NetName=GND Pin=B2-1
Added Pin To Net: NetName=GND Pin=B2-1
Added Pin To Net: NetName=NetBNC4_1 Pin=BNC4-1
Added Pin To Net: NetName=GND Pin=BNC4-2
Added Pin To Net: NetName=GND Pin=BNC4-2
Added Pin To Net: NetName=GND Pin=BNC4-2
Added Pin To Net: NetName=5V Pin=C13-1
Added Pin To Net: NetName=GND Pin=C13-2
Added Pin To Net: NetName=VSUPPLY Pin=C14-1
Added Pin To Net: NetName=-5V Pin=C15-1
Added Pin To Net: NetName=5V Pin=P3-1
Added Pin To Net: NetName=NetC4_1 Pin=P4-1
Added Pin To Net: NetName=-5V Pin=P4-2
Added Pin To Net: NetName=VRESET Pin=P8-1
Added Pin To Net: NetName=NetBNC2_1 Pin=P8-2
Added Pin To Net: NetName=NetP7_1 Pin=P10-2
Added Pin To Net: NetName=VFORM Pin=P11-1
Added Pin To Net: NetName=VRESET Pin=P12-1
Added Pin To Net: NetName=VRESET Pin=P13-1
Added Pin To Net: NetName=NetC4_1 Pin=P13-2
Added Pin To Net: NetName=NetMUX6_22 Pin=P18-2
Added Pin To Net: NetName=NetBNC4_1 Pin=P19-1
Added Pin To Net: NetName=NetMUX6_22 Pin=P19-2
Added Pin To Net: NetName=NetR10_1 Pin=R10-1
Added Pin To Net: NetName=NetC1_2 Pin=R10-2
Added Pin To Net: NetName=GND Pin=R11-CCW
Added Pin To Net: NetName=NetR10_1 Pin=R11-CW
Added Pin To Net: NetName=NetR12_2 Pin=R12-2
Added Pin To Net: NetName=NetR13_1 Pin=R13-1
Added Pin To Net: NetName=NetR12_2 Pin=R13-2
Added Pin To Net: NetName=GND Pin=R14-CCW
Added Pin To Net: NetName=NetR13_1 Pin=R14-CW
Added Pin To Net: NetName=NetR15_1 Pin=R15-1
Added Pin To Net: NetName=NetR15_2 Pin=R15-2
Change Net Name : Old Net Name=NetGR2_2 New Net Name=NetGR3_2
Change Net Name : Old Net Name=NetP7_1 New Net Name=NetP9_1
Change Net Name : Old Net Name=NetP18_1 New Net Name=NetP20_1
Added Pin To Net: NetName=NetB1_1 Pin=B1-1
Added Pin To Net: NetName=NetB1_1 Pin=B1-1
Added Pin To Net: NetName=NetB1_1 Pin=P6-2
Added Net: Name=NetB1_1
Added Pin To Net: NetName=NetB3_1 Pin=B3-1
Added Pin To Net: NetName=NetB3_1 Pin=B3-1
Added Pin To Net: NetName=NetB3_1 Pin=P12-2
Added Net: Name=NetB3_1
Added Pin To Net: NetName=NetB4_1 Pin=B4-1
Added Pin To Net: NetName=NetB4_1 Pin=B4-1
Added Pin To Net: NetName=NetB4_1 Pin=P14-2
Added Net: Name=NetB4_1
Added Pin To Net: NetName=NetP15_1 Pin=P15-1
Added Pin To Net: NetName=NetP15_1 Pin=R9-CCW
Added Net: Name=NetP15_1
Added Pin To Net: NetName=NetP16_2 Pin=P16-2
Added Pin To Net: NetName=NetP16_2 Pin=R9-CW
Added Net: Name=NetP16_2
Added Pin To Net: NetName=NetP18_1 Pin=P18-1
Added Pin To Net: NetName=NetP18_1 Pin=R12-1
Added Pin To Net: NetName=NetP18_1 Pin=U1-6
Added Net: Name=NetP18_1
Added Member To Class: ClassName=RWcircuit_1 Member=Component B1 Banana_conn
Added Member To Class: ClassName=RWcircuit_1 Member=Component B2 Banana_conn
Added Member To Class: ClassName=RWcircuit_1 Member=Component B4 Banana_conn
Added Member To Class: ClassName=FPGA_board_and_power Member=Component C15 Cap2
Added Member To Class: ClassName=FPGA_board_and_power Member=Component P3 Header 2
Added Member To Class: ClassName=RWcircuit_1 Member=Component P10 Header 2
Added Member To Class: ClassName=RWcircuit_1 Member=Component P17 Header 2
