Removed Pin From Net: NetName=PIO45 Pin=AM1-1
Removed Pin From Net: NetName=S5 Pin=FPGA_Board1-26
Removed Pin From Net: NetName=S4 Pin=FPGA_Board1-27
Removed Pin From Net: NetName=S3 Pin=FPGA_Board1-28
Removed Pin From Net: NetName=S2 Pin=FPGA_Board1-29
Removed Pin From Net: NetName=S1 Pin=FPGA_Board1-30
Removed Pin From Net: NetName=S0 Pin=FPGA_Board1-31
Removed Pin From Net: NetName=A3 Pin=FPGA_Board1-32
Removed Pin From Net: NetName=A2 Pin=FPGA_Board1-33
Removed Pin From Net: NetName=A1 Pin=FPGA_Board1-34
Removed Pin From Net: NetName=A0 Pin=FPGA_Board1-35
Removed Pin From Net: NetName=PIO36 Pin=FPGA_Board1-36
Removed Pin From Net: NetName=PIO37 Pin=FPGA_Board1-37
Removed Pin From Net: NetName=PIO38 Pin=FPGA_Board1-38
Removed Pin From Net: NetName=PIO39 Pin=FPGA_Board1-39
Removed Pin From Net: NetName=PIO40 Pin=FPGA_Board1-40
Removed Pin From Net: NetName=PIO41 Pin=FPGA_Board1-41
Removed Pin From Net: NetName=PIO42 Pin=FPGA_Board1-42
Removed Pin From Net: NetName=PIO43 Pin=FPGA_Board1-43
Removed Pin From Net: NetName=PIO44 Pin=FPGA_Board1-44
Removed Pin From Net: NetName=PIO45 Pin=FPGA_Board1-45
Removed Pin From Net: NetName=PIO46 Pin=FPGA_Board1-46
Removed Pin From Net: NetName=PIO47 Pin=FPGA_Board1-47
Removed Pin From Net: NetName=PIO48 Pin=FPGA_Board1-48
Removed Pin From Net: NetName=PIO48 Pin=GR1-1
Removed Pin From Net: NetName=PIO46 Pin=RD1-1
Removed Pin From Net: NetName=PIO47 Pin=YL1-1
Added Pin To Net: NetName=S5 Pin=FPGA_Board1-35
Added Pin To Net: NetName=S4 Pin=FPGA_Board1-36
Added Pin To Net: NetName=S3 Pin=FPGA_Board1-37
Added Pin To Net: NetName=S2 Pin=FPGA_Board1-38
Added Pin To Net: NetName=S1 Pin=FPGA_Board1-39
Added Pin To Net: NetName=S0 Pin=FPGA_Board1-40
Added Pin To Net: NetName=A3 Pin=FPGA_Board1-41
Added Pin To Net: NetName=A2 Pin=FPGA_Board1-42
Added Pin To Net: NetName=A1 Pin=FPGA_Board1-43
Added Pin To Net: NetName=A0 Pin=FPGA_Board1-44
Added Pin To Net: NetName=LED_AM Pin=AM1-1
Added Pin To Net: NetName=LED_AM Pin=FPGA_Board1-45
Added Net: Name=LED_AM
Added Pin To Net: NetName=LED_GR Pin=FPGA_Board1-48
Added Pin To Net: NetName=LED_GR Pin=GR1-1
Added Net: Name=LED_GR
Added Pin To Net: NetName=LED_RD Pin=FPGA_Board1-46
Added Pin To Net: NetName=LED_RD Pin=RD1-1
Added Net: Name=LED_RD
Added Pin To Net: NetName=LED_YL Pin=FPGA_Board1-47
Added Pin To Net: NetName=LED_YL Pin=YL1-1
Added Net: Name=LED_YL
