Removed Pin From Net: NetName=NetBNC4_1 Pin=BNC4-1
Removed Pin From Net: NetName=GND Pin=BNC4-2
Removed Pin From Net: NetName=GND Pin=BNC4-2
Removed Pin From Net: NetName=GND Pin=BNC4-2
Removed Pin From Net: NetName=5V Pin=C15-1
Removed Pin From Net: NetName=GND Pin=C15-2
Removed Pin From Net: NetName=VRESET Pin=P6-1
Removed Pin From Net: NetName=NetBNC2_1 Pin=P6-2
Removed Pin From Net: NetName=VRESET Pin=P10-1
Removed Pin From Net: NetName=NetB3_1 Pin=P10-2
Removed Pin From Net: NetName=NetP16_1 Pin=P16-1
Removed Pin From Net: NetName=NetMUX6_22 Pin=P16-2
Removed Pin From Net: NetName=NetBNC4_1 Pin=P17-1
Removed Pin From Net: NetName=NetMUX6_22 Pin=P17-2
Removed Pin From Net: NetName=NetP13_1 Pin=R8-CCW
Removed Pin From Net: NetName=NetP14_2 Pin=R8-CW
Removed Pin From Net: NetName=NetR9_1 Pin=R9-1
Removed Pin From Net: NetName=5V Pin=R9-2
Removed Pin From Net: NetName=GND Pin=R10-CCW
Removed Pin From Net: NetName=NetR9_1 Pin=R10-CW
Removed Pin From Net: NetName=NetP16_1 Pin=R11-1
Removed Pin From Net: NetName=NetR11_2 Pin=R11-2
Removed Pin From Net: NetName=NetR12_1 Pin=R12-1
Removed Pin From Net: NetName=NetR11_2 Pin=R12-2
Removed Pin From Net: NetName=GND Pin=R13-CCW
Removed Pin From Net: NetName=NetR12_1 Pin=R13-CW
Removed Pin From Net: NetName=NetR14_1 Pin=R14-1
Removed Pin From Net: NetName=NetR14_2 Pin=R14-2
Added Component: Designator=B4(Banana_conn)
Added Component: Designator=BNC4(BNC_RA CON)
Added Component: Designator=C15(CAPR5-4X5)
Added Component: Designator=P6(HDR1X2)
Added Component: Designator=P10(HDR1X2)
Added Component: Designator=P16(HDR1X2)
Added Component: Designator=P17(HDR1X2)
Added Component: Designator=R8(POT4MM-2)
Added Component: Designator=R9(J1-0603)
Added Component: Designator=R10(POT4MM-2)
Added Component: Designator=R11(J1-0603)
Added Component: Designator=R12(J1-0603)
Added Component: Designator=R13(POT4MM-2)
Added Component: Designator=R14(J1-0603)
Added Pin To Net: NetName=NetB4_1 Pin=B4-1
Added Pin To Net: NetName=NetBNC4_1 Pin=BNC4-1
Added Pin To Net: NetName=GND Pin=BNC4-2
Added Pin To Net: NetName=GND Pin=BNC4-2
Added Pin To Net: NetName=GND Pin=BNC4-2
Added Pin To Net: NetName=5V Pin=C15-1
Added Pin To Net: NetName=GND Pin=C15-2
Added Pin To Net: NetName=VRESET Pin=P6-1
Added Pin To Net: NetName=NetBNC2_1 Pin=P6-2
Added Pin To Net: NetName=VRESET Pin=P10-1
Added Pin To Net: NetName=NetB3_1 Pin=P10-2
Added Pin To Net: NetName=NetP16_1 Pin=P16-1
Added Pin To Net: NetName=NetMUX6_22 Pin=P16-2
Added Pin To Net: NetName=NetBNC4_1 Pin=P17-1
Added Pin To Net: NetName=NetMUX6_22 Pin=P17-2
Added Pin To Net: NetName=NetP13_1 Pin=R8-CCW
Added Pin To Net: NetName=NetP14_2 Pin=R8-CW
Added Pin To Net: NetName=NetR9_1 Pin=R9-1
Added Pin To Net: NetName=5V Pin=R9-2
Added Pin To Net: NetName=GND Pin=R10-CCW
Added Pin To Net: NetName=NetR9_1 Pin=R10-CW
Added Pin To Net: NetName=NetP16_1 Pin=R11-1
Added Pin To Net: NetName=NetR11_2 Pin=R11-2
Added Pin To Net: NetName=NetR12_1 Pin=R12-1
Added Pin To Net: NetName=NetR11_2 Pin=R12-2
Added Pin To Net: NetName=GND Pin=R13-CCW
Added Pin To Net: NetName=NetR12_1 Pin=R13-CW
Added Pin To Net: NetName=NetR14_1 Pin=R14-1
Added Pin To Net: NetName=NetR14_2 Pin=R14-2
Added Member To Class: ClassName=RWcircuit_1 Member=Component B4 Banana_conn
Added Member To Class: ClassName=FPGA_board_and_power Member=Component C15 Cap2
