Removed Pin From Net: NetName=NetBNC4_1 Pin=BNC4-1
Removed Pin From Net: NetName=GND Pin=BNC4-2
Removed Pin From Net: NetName=GND Pin=BNC4-2
Removed Pin From Net: NetName=GND Pin=BNC4-2
Removed Pin From Net: NetName=5V Pin=C15-1
Removed Pin From Net: NetName=GND Pin=C15-2
Removed Pin From Net: NetName=VRESET Pin=P6-1
Removed Pin From Net: NetName=NetBNC2_1 Pin=P6-2
Removed Pin From Net: NetName=VRESET Pin=P10-1
Removed Pin From Net: NetName=NetB3_1 Pin=P10-2
Removed Pin From Net: NetName=NetP16_1 Pin=P16-1
Removed Pin From Net: NetName=NetMUX6_22 Pin=P16-2
Removed Pin From Net: NetName=NetBNC4_1 Pin=P17-1
Removed Pin From Net: NetName=NetMUX6_22 Pin=P17-2
Removed Pin From Net: NetName=NetP13_1 Pin=R1-CCW
Removed Pin From Net: NetName=NetP14_2 Pin=R1-CW
Removed Pin From Net: NetName=5V Pin=R2-2
Removed Pin From Net: NetName=GND Pin=R3-CCW
Removed Pin From Net: NetName=NetP16_1 Pin=R4-1
Removed Pin From Net: NetName=GND Pin=R6-CCW
Removed Member From Class: ClassName=FPGA_board_and_power Member=D?
Change Component DesignItemId : Designator=R1 Old DesignItemId=RPot SM New DesignItemId=Res3
Change Component DesignItemId : Designator=R3 Old DesignItemId=RPot SM New DesignItemId=Res3
Change Component DesignItemId : Designator=R6 Old DesignItemId=RPot SM New DesignItemId=Res3
Change Component Footprint: Designator=R1 Old Footprint=POT4MM-2 New Footprint=J1-0603
Change Component Footprint: Designator=R3 Old Footprint=POT4MM-2 New Footprint=J1-0603
Change Component Footprint: Designator=R6 Old Footprint=POT4MM-2 New Footprint=J1-0603
Change Component Comment : Designator=R1 Old Comment=RPot SM New Comment=Res3
Change Component Comment : Designator=R3 Old Comment=RPot SM New Comment=Res3
Change Component Comment : Designator=R6 Old Comment=RPot SM New Comment=Res3
Change Component Designator: OldDesignator=DC1 NewDesignator=DC2
Change Component Designator: OldDesignator=DC2 NewDesignator=DC1
Change Component Designator: OldDesignator=R8 NewDesignator=R15
Added Component: Designator=BNC4(BNC_RA CON)
Added Component: Designator=C15(CAPR5-4X5)
Added Component: Designator=D1(3.2X1.6X1.1)
Added Component: Designator=D2(3.2X1.6X1.1)
Added Component: Designator=D3(3.2X1.6X1.1)
Added Component: Designator=D4(3.2X1.6X1.1)
Added Component: Designator=D5(3.2X1.6X1.1)
Added Component: Designator=D6(3.2X1.6X1.1)
Added Component: Designator=D7(3.2X1.6X1.1)
Added Component: Designator=P6(HDR1X2)
Added Component: Designator=P10(HDR1X2)
Added Component: Designator=P16(HDR1X2)
Added Component: Designator=P17(HDR1X2)
Added Component: Designator=R8(POT4MM-2)
Added Component: Designator=R9(J1-0603)
Added Component: Designator=R10(POT4MM-2)
Added Component: Designator=R11(J1-0603)
Added Component: Designator=R12(J1-0603)
Added Component: Designator=R13(POT4MM-2)
Added Component: Designator=R14(J1-0603)
Added Pin To Net: NetName=NetBNC4_1 Pin=BNC4-1
Added Pin To Net: NetName=GND Pin=BNC4-2
Added Pin To Net: NetName=GND Pin=BNC4-2
Added Pin To Net: NetName=GND Pin=BNC4-2
Added Pin To Net: NetName=5V Pin=C15-1
Added Pin To Net: NetName=GND Pin=C15-2
Added Pin To Net: NetName=PIO29 Pin=D1-1
Added Pin To Net: NetName=PIO28 Pin=D2-1
Added Pin To Net: NetName=PIO27 Pin=D3-1
Added Pin To Net: NetName=PIO26 Pin=D4-1
Added Pin To Net: NetName=VSUPPLY Pin=D5-1
Added Pin To Net: NetName=5V Pin=D6-1
Added Pin To Net: NetName=-5V Pin=D7-1
Added Pin To Net: NetName=VRESET Pin=P6-1
Added Pin To Net: NetName=NetBNC2_1 Pin=P6-2
Added Pin To Net: NetName=VRESET Pin=P10-1
Added Pin To Net: NetName=NetB3_1 Pin=P10-2
Added Pin To Net: NetName=NetP16_1 Pin=P16-1
Added Pin To Net: NetName=NetMUX6_22 Pin=P16-2
Added Pin To Net: NetName=NetBNC4_1 Pin=P17-1
Added Pin To Net: NetName=NetMUX6_22 Pin=P17-2
Added Pin To Net: NetName=GND Pin=R1-1
Added Pin To Net: NetName=GND Pin=R2-1
Added Pin To Net: NetName=GND Pin=R3-1
Added Pin To Net: NetName=GND Pin=R4-1
Added Pin To Net: NetName=GND Pin=R5-2
Added Pin To Net: NetName=GND Pin=R6-2
Added Pin To Net: NetName=GND Pin=R7-2
Added Pin To Net: NetName=NetP13_1 Pin=R8-CCW
Added Pin To Net: NetName=NetP14_2 Pin=R8-CW
Added Pin To Net: NetName=5V Pin=R9-2
Added Pin To Net: NetName=GND Pin=R10-CCW
Added Pin To Net: NetName=NetP16_1 Pin=R11-1
Added Pin To Net: NetName=GND Pin=R13-CCW
Added Pin To Net: NetName=NetD1_2 Pin=D1-2
Added Pin To Net: NetName=NetD1_2 Pin=R1-2
Added Net: Name=NetD1_2
Added Pin To Net: NetName=NetD2_2 Pin=D2-2
Added Pin To Net: NetName=NetD2_2 Pin=R2-2
Added Net: Name=NetD2_2
Added Pin To Net: NetName=NetD3_2 Pin=D3-2
Added Pin To Net: NetName=NetD3_2 Pin=R3-2
Added Net: Name=NetD3_2
Added Pin To Net: NetName=NetD4_2 Pin=D4-2
Added Pin To Net: NetName=NetD4_2 Pin=R4-2
Added Net: Name=NetD4_2
Added Pin To Net: NetName=NetD5_2 Pin=D5-2
Added Pin To Net: NetName=NetD5_2 Pin=R6-1
Added Net: Name=NetD5_2
Added Pin To Net: NetName=NetR9_1 Pin=R9-1
Added Pin To Net: NetName=NetR9_1 Pin=R10-CW
Added Pin To Net: NetName=NetR9_1 Pin=U1-3
Added Net: Name=NetR9_1
Added Pin To Net: NetName=NetR11_2 Pin=R11-2
Added Pin To Net: NetName=NetR11_2 Pin=R12-2
Added Pin To Net: NetName=NetR11_2 Pin=U1-1
Added Pin To Net: NetName=NetR11_2 Pin=U1-2
Added Net: Name=NetR11_2
Added Pin To Net: NetName=NetR12_1 Pin=R12-1
Added Pin To Net: NetName=NetR12_1 Pin=R13-CW
Added Pin To Net: NetName=NetR12_1 Pin=U1-5
Added Net: Name=NetR12_1
Added Pin To Net: NetName=NetR14_1 Pin=R14-1
Added Pin To Net: NetName=NetR14_1 Pin=U2-1
Added Net: Name=NetR14_1
Added Pin To Net: NetName=NetR14_2 Pin=R14-2
Added Pin To Net: NetName=NetR14_2 Pin=U2-8
Added Net: Name=NetR14_2
Added Member To Class: ClassName=FPGA_board_and_power Member=Component C15 Cap2
Added Member To Class: ClassName=FPGA_board_and_power Member=Component D1 LED2
Added Member To Class: ClassName=FPGA_board_and_power Member=Component D2 LED2
Added Member To Class: ClassName=FPGA_board_and_power Member=Component D3 LED2
Added Member To Class: ClassName=FPGA_board_and_power Member=Component D4 LED2
Added Member To Class: ClassName=FPGA_board_and_power Member=Component D5 LED2
Added Member To Class: ClassName=FPGA_board_and_power Member=Component D6 LED2
Added Member To Class: ClassName=FPGA_board_and_power Member=Component D7 LED2
Added Member To Class: ClassName=FPGA_board_and_power Member=Component R1 Res3
Added Member To Class: ClassName=FPGA_board_and_power Member=Component R2 Res3
Added Member To Class: ClassName=FPGA_board_and_power Member=Component R3 Res3
Added Member To Class: ClassName=FPGA_board_and_power Member=Component R4 Res3
Added Member To Class: ClassName=FPGA_board_and_power Member=Component R5 Res3
Added Member To Class: ClassName=FPGA_board_and_power Member=Component R6 Res3
Added Member To Class: ClassName=FPGA_board_and_power Member=Component R7 Res3
