Removed Pin From Net: NetName=VSS Pin=GR4-1
Removed Pin From Net: NetName=NetP16_1 Pin=R9-2
Removed Pin From Net: NetName=NetQ1_3 Pin=R13-1
Change Component DesignItemId : Designator=R13 Old DesignItemId=Res3 New DesignItemId=Trim_Bourns_3266X
Change Component Footprint: Designator=R13 Old Footprint=J1-0603 New Footprint=Trim_Bourns_3266X
Change Component Comment : Designator=R13 Old Comment=Res3 New Comment=Trim
Added Component: Designator=H4(M3_hole)
Added Component: Designator=P21(HDR1X2)
Added Component: Designator=P22(HDR1X2)
Added Component: Designator=R19(J1-0603)
Added Pin To Net: NetName=VSS Pin=GR4-2
Added Pin To Net: NetName=GND Pin=H4-1
Added Pin To Net: NetName=NetP11_1 Pin=P21-1
Added Pin To Net: NetName=NetP16_1 Pin=P22-2
Added Pin To Net: NetName=NetP16_1 Pin=R9-1
Added Pin To Net: NetName=NetQ1_3 Pin=R13-3
Added Pin To Net: NetName=GND Pin=R19-1
Added Pin To Net: NetName=NetGR4_1 Pin=GR4-1
Added Pin To Net: NetName=NetGR4_1 Pin=R8-1
Added Net: Name=NetGR4_1
Added Pin To Net: NetName=NetP21_2 Pin=P21-2
Added Pin To Net: NetName=NetP21_2 Pin=P22-1
Added Pin To Net: NetName=NetP21_2 Pin=R19-2
Added Net: Name=NetP21_2
Added Member To Class: ClassName=RWcircuit_2 Member=Component H4 M3_hole
Added Member To Class: ClassName=RWcircuit_1 Member=Component P21 Header 2
Added Member To Class: ClassName=RWcircuit_1 Member=Component P22 Header 2
Added Member To Class: ClassName=RWcircuit_1 Member=Component R19 Res3
