Removed Pin From Net: NetName=PIO01 Pin=FPGA_Board1-1
Removed Pin From Net: NetName=PIO02 Pin=FPGA_Board1-2
Removed Pin From Net: NetName=PIO03 Pin=FPGA_Board1-3
Removed Pin From Net: NetName=PIO04 Pin=FPGA_Board1-4
Removed Pin From Net: NetName=PIO05 Pin=FPGA_Board1-5
Removed Pin From Net: NetName=PIO06 Pin=FPGA_Board1-6
Removed Pin From Net: NetName=PIO07 Pin=FPGA_Board1-7
Removed Pin From Net: NetName=PIO08 Pin=FPGA_Board1-8
Removed Pin From Net: NetName=PIO09 Pin=FPGA_Board1-9
Removed Pin From Net: NetName=ENABLERW Pin=FPGA_Board1-10
Removed Pin From Net: NetName=MODERW0 Pin=FPGA_Board1-11
Removed Pin From Net: NetName=MODERW1 Pin=FPGA_Board1-12
Removed Pin From Net: NetName=VCOMP1 Pin=FPGA_Board1-13
Removed Pin From Net: NetName=VCOMP2 Pin=FPGA_Board1-14
Removed Pin From Net: NetName=PIO15 Pin=FPGA_Board1-15
Removed Pin From Net: NetName=DACASELECT Pin=FPGA_Board1-16
Removed Pin From Net: NetName=DACBSELECT Pin=FPGA_Board1-17
Removed Pin From Net: NetName=DAC0 Pin=FPGA_Board1-18
Removed Pin From Net: NetName=DAC1 Pin=FPGA_Board1-19
Removed Pin From Net: NetName=DAC2 Pin=FPGA_Board1-20
Removed Pin From Net: NetName=DAC3 Pin=FPGA_Board1-21
Removed Pin From Net: NetName=DAC4 Pin=FPGA_Board1-22
Removed Pin From Net: NetName=DAC5 Pin=FPGA_Board1-23
Added Pin To Net: NetName=VCOMP1 Pin=FPGA_Board1-1
Added Pin To Net: NetName=VCOMP2 Pin=FPGA_Board1-2
Added Pin To Net: NetName=DACASELECT Pin=FPGA_Board1-12
Added Pin To Net: NetName=DACBSELECT Pin=FPGA_Board1-13
Added Pin To Net: NetName=DAC0 Pin=FPGA_Board1-14
Added Pin To Net: NetName=DAC1 Pin=FPGA_Board1-15
Added Pin To Net: NetName=DAC2 Pin=FPGA_Board1-16
Added Pin To Net: NetName=DAC3 Pin=FPGA_Board1-17
Added Pin To Net: NetName=DAC4 Pin=FPGA_Board1-18
Added Pin To Net: NetName=DAC5 Pin=FPGA_Board1-19
Added Pin To Net: NetName=ENABLERW Pin=FPGA_Board1-20
Added Pin To Net: NetName=MODERW0 Pin=FPGA_Board1-21
Added Pin To Net: NetName=MODERW1 Pin=FPGA_Board1-22
