Removed Pin From Net: NetName=DAC0 Pin=FPGA_Board1-12
Removed Pin From Net: NetName=DAC1 Pin=FPGA_Board1-13
Removed Pin From Net: NetName=DAC2 Pin=FPGA_Board1-14
Removed Pin From Net: NetName=DAC3 Pin=FPGA_Board1-15
Removed Pin From Net: NetName=DAC4 Pin=FPGA_Board1-16
Removed Pin From Net: NetName=DAC5 Pin=FPGA_Board1-17
Removed Pin From Net: NetName=NetDACA1_10 Pin=FPGA_Board1-18
Removed Pin From Net: NetName=NetDACB1_10 Pin=FPGA_Board1-19
Added Pin To Net: NetName=NetDACA1_10 Pin=FPGA_Board1-16
Added Pin To Net: NetName=NetDACB1_10 Pin=FPGA_Board1-17
Added Pin To Net: NetName=DAC0 Pin=FPGA_Board1-18
Added Pin To Net: NetName=DAC1 Pin=FPGA_Board1-19
Added Pin To Net: NetName=DAC2 Pin=FPGA_Board1-20
Added Pin To Net: NetName=DAC3 Pin=FPGA_Board1-21
Added Pin To Net: NetName=DAC4 Pin=FPGA_Board1-22
Added Pin To Net: NetName=DAC5 Pin=FPGA_Board1-23
Added Pin To Net: NetName=NetFPGA_Board1_13 Pin=FPGA_Board1-13
Added Pin To Net: NetName=NetFPGA_Board1_13 Pin=LevelTr1-2
Added Net: Name=NetFPGA_Board1_13
Added Pin To Net: NetName=NetFPGA_Board1_14 Pin=FPGA_Board1-14
Added Pin To Net: NetName=NetFPGA_Board1_14 Pin=LevelTr1-3
Added Net: Name=NetFPGA_Board1_14
