Added Component: Designator=B1(Banana_conn)
Added Component: Designator=B2(Banana_conn)
Added Component: Designator=B3(Banana_conn)
Added Component: Designator=BNC1(BNC_RA CON)
Added Component: Designator=BNC2(BNC_RA CON)
Added Component: Designator=BNC3(BNC_RA CON)
Added Component: Designator=C1(C1206)
Added Component: Designator=C2(C1206)
Added Component: Designator=C3(C1206)
Added Component: Designator=C4(C1206)
Added Component: Designator=C5(C1206)
Added Component: Designator=C6(C1206)
Added Component: Designator=C7(C1206)
Added Component: Designator=C8(C1206)
Added Component: Designator=C9(C1206)
Added Component: Designator=C10(C1206)
Added Component: Designator=C11(RB7.6-15)
Added Component: Designator=C12(RB7.6-15)
Added Component: Designator=C13(RB7.6-15)
Added Component: Designator=C14(RB7.6-15)
Added Component: Designator=C15(RB7.6-15)
Added Component: Designator=C16(C1206)
Added Component: Designator=C17(C1206)
Added Component: Designator=C18(C1206)
Added Component: Designator=C19(C1206)
Added Component: Designator=C20(C1206)
Added Component: Designator=C21(C1206)
Added Component: Designator=C22(C1206)
Added Component: Designator=C23(C1206)
Added Component: Designator=C24(C1206)
Added Component: Designator=D1(SOT-23_N)
Added Component: Designator=DACA1(N-16)
Added Component: Designator=DACB1(N-16)
Added Component: Designator=DC1(TEN_3-1221)
Added Component: Designator=DC2(LT-TS8-8-TSOT-23_V)
Added Component: Designator=FPGA_Board1(Cmod_S6_double_conn)
Added Component: Designator=J1(KLD-0202)
Added Component: Designator=LevelTr1(SOIC127P600X175-14N)
Added Component: Designator=Mem1(PLCC84_TH_3M)
Added Component: Designator=MUX1(TSOP65P640X120-28N)
Added Component: Designator=MUX2(TSOP65P640X120-28N)
Added Component: Designator=MUX3(TSOP65P640X120-28N)
Added Component: Designator=MUX4(TSOP65P640X120-28N)
Added Component: Designator=MUX5(TSOP65P640X120-28N)
Added Component: Designator=MUX6(TSOP65P640X120-28N)
Added Component: Designator=P1(HDR1X2)
Added Component: Designator=P2(HDR1X2)
Added Component: Designator=P3(HDR1X2)
Added Component: Designator=P4(HDR1X2)
Added Component: Designator=P5(HDR1X2)
Added Component: Designator=P6(HDR1X2)
Added Component: Designator=P7(HDR1X2)
Added Component: Designator=P8(HDR1X2)
Added Component: Designator=P9(HDR1X2)
Added Component: Designator=P10(HDR1X2)
Added Component: Designator=R1(J1-0603)
Added Component: Designator=R2(POT4MM-2)
Added Component: Designator=R3(J1-0603)
Added Component: Designator=R4(J1-0603)
Added Component: Designator=R5(J1-0603)
Added Component: Designator=R6(POT4MM-2)
Added Component: Designator=R7(J1-0603)
Added Component: Designator=R8(J1-0603)
Added Component: Designator=U1(ADI-R-8_N)
Added Component: Designator=U2(LT-S8-8_N)
Added Component: Designator=U3(ADI-R-8_N)
Added Pin To Net: NetName=A0 Pin=FPGA_Board1-48
Added Pin To Net: NetName=A0 Pin=MUX1-17
Added Pin To Net: NetName=A0 Pin=MUX2-17
Added Pin To Net: NetName=A0 Pin=MUX3-17
Added Pin To Net: NetName=A0 Pin=MUX4-17
Added Pin To Net: NetName=A0 Pin=MUX5-17
Added Net: Name=A0
Added Pin To Net: NetName=A1 Pin=FPGA_Board1-47
Added Pin To Net: NetName=A1 Pin=MUX1-16
Added Pin To Net: NetName=A1 Pin=MUX2-16
Added Pin To Net: NetName=A1 Pin=MUX3-16
Added Pin To Net: NetName=A1 Pin=MUX4-16
Added Pin To Net: NetName=A1 Pin=MUX5-16
Added Net: Name=A1
Added Pin To Net: NetName=A2 Pin=FPGA_Board1-46
Added Pin To Net: NetName=A2 Pin=MUX1-15
Added Pin To Net: NetName=A2 Pin=MUX2-15
Added Pin To Net: NetName=A2 Pin=MUX3-15
Added Pin To Net: NetName=A2 Pin=MUX4-15
Added Pin To Net: NetName=A2 Pin=MUX5-15
Added Net: Name=A2
Added Pin To Net: NetName=A3 Pin=FPGA_Board1-45
Added Pin To Net: NetName=A3 Pin=MUX1-14
Added Pin To Net: NetName=A3 Pin=MUX2-14
Added Pin To Net: NetName=A3 Pin=MUX3-14
Added Pin To Net: NetName=A3 Pin=MUX4-14
Added Pin To Net: NetName=A3 Pin=MUX5-14
Added Net: Name=A3
Added Pin To Net: NetName=CELL0 Pin=Mem1-1
Added Pin To Net: NetName=CELL0 Pin=MUX1-19
Added Net: Name=CELL0
Added Pin To Net: NetName=CELL1 Pin=Mem1-2
Added Pin To Net: NetName=CELL1 Pin=MUX1-20
Added Net: Name=CELL1
Added Pin To Net: NetName=CELL2 Pin=Mem1-3
Added Pin To Net: NetName=CELL2 Pin=MUX1-21
Added Net: Name=CELL2
Added Pin To Net: NetName=CELL3 Pin=Mem1-4
Added Pin To Net: NetName=CELL3 Pin=MUX1-22
Added Net: Name=CELL3
Added Pin To Net: NetName=CELL4 Pin=Mem1-5
Added Pin To Net: NetName=CELL4 Pin=MUX1-23
Added Net: Name=CELL4
Added Pin To Net: NetName=CELL5 Pin=Mem1-6
Added Pin To Net: NetName=CELL5 Pin=MUX1-24
Added Net: Name=CELL5
Added Pin To Net: NetName=CELL6 Pin=Mem1-7
Added Pin To Net: NetName=CELL6 Pin=MUX1-25
Added Net: Name=CELL6
Added Pin To Net: NetName=CELL7 Pin=Mem1-8
Added Pin To Net: NetName=CELL7 Pin=MUX1-26
Added Net: Name=CELL7
Added Pin To Net: NetName=CELL8 Pin=Mem1-9
Added Pin To Net: NetName=CELL8 Pin=MUX1-11
Added Net: Name=CELL8
Added Pin To Net: NetName=CELL9 Pin=Mem1-10
Added Pin To Net: NetName=CELL9 Pin=MUX1-10
Added Net: Name=CELL9
Added Pin To Net: NetName=CELL10 Pin=Mem1-11
Added Pin To Net: NetName=CELL10 Pin=MUX1-9
Added Net: Name=CELL10
Added Pin To Net: NetName=CELL11 Pin=Mem1-13
Added Pin To Net: NetName=CELL11 Pin=MUX1-8
Added Net: Name=CELL11
Added Pin To Net: NetName=CELL12 Pin=Mem1-14
Added Pin To Net: NetName=CELL12 Pin=MUX1-7
Added Net: Name=CELL12
Added Pin To Net: NetName=CELL13 Pin=Mem1-15
Added Pin To Net: NetName=CELL13 Pin=MUX1-6
Added Net: Name=CELL13
Added Pin To Net: NetName=CELL14 Pin=Mem1-16
Added Pin To Net: NetName=CELL14 Pin=MUX1-5
Added Net: Name=CELL14
Added Pin To Net: NetName=CELL15 Pin=Mem1-17
Added Pin To Net: NetName=CELL15 Pin=MUX1-4
Added Net: Name=CELL15
Added Pin To Net: NetName=CELL16 Pin=Mem1-18
Added Pin To Net: NetName=CELL16 Pin=MUX2-19
Added Net: Name=CELL16
Added Pin To Net: NetName=CELL17 Pin=Mem1-19
Added Pin To Net: NetName=CELL17 Pin=MUX2-20
Added Net: Name=CELL17
Added Pin To Net: NetName=CELL18 Pin=Mem1-20
Added Pin To Net: NetName=CELL18 Pin=MUX2-21
Added Net: Name=CELL18
Added Pin To Net: NetName=CELL19 Pin=Mem1-21
Added Pin To Net: NetName=CELL19 Pin=MUX2-22
Added Net: Name=CELL19
Added Pin To Net: NetName=CELL20 Pin=Mem1-22
Added Pin To Net: NetName=CELL20 Pin=MUX2-23
Added Net: Name=CELL20
Added Pin To Net: NetName=CELL21 Pin=Mem1-23
Added Pin To Net: NetName=CELL21 Pin=MUX2-24
Added Net: Name=CELL21
Added Pin To Net: NetName=CELL22 Pin=Mem1-24
Added Pin To Net: NetName=CELL22 Pin=MUX2-25
Added Net: Name=CELL22
Added Pin To Net: NetName=CELL23 Pin=Mem1-25
Added Pin To Net: NetName=CELL23 Pin=MUX2-26
Added Net: Name=CELL23
Added Pin To Net: NetName=CELL24 Pin=Mem1-26
Added Pin To Net: NetName=CELL24 Pin=MUX2-11
Added Net: Name=CELL24
Added Pin To Net: NetName=CELL25 Pin=Mem1-27
Added Pin To Net: NetName=CELL25 Pin=MUX2-10
Added Net: Name=CELL25
Added Pin To Net: NetName=CELL26 Pin=Mem1-28
Added Pin To Net: NetName=CELL26 Pin=MUX2-9
Added Net: Name=CELL26
Added Pin To Net: NetName=CELL27 Pin=Mem1-29
Added Pin To Net: NetName=CELL27 Pin=MUX2-8
Added Net: Name=CELL27
Added Pin To Net: NetName=CELL28 Pin=Mem1-30
Added Pin To Net: NetName=CELL28 Pin=MUX2-7
Added Net: Name=CELL28
Added Pin To Net: NetName=CELL29 Pin=Mem1-31
Added Pin To Net: NetName=CELL29 Pin=MUX2-6
Added Net: Name=CELL29
Added Pin To Net: NetName=CELL30 Pin=Mem1-32
Added Pin To Net: NetName=CELL30 Pin=MUX2-5
Added Net: Name=CELL30
Added Pin To Net: NetName=CELL31 Pin=Mem1-34
Added Pin To Net: NetName=CELL31 Pin=MUX2-4
Added Net: Name=CELL31
Added Pin To Net: NetName=CELL32 Pin=Mem1-35
Added Pin To Net: NetName=CELL32 Pin=MUX3-19
Added Net: Name=CELL32
Added Pin To Net: NetName=CELL33 Pin=Mem1-36
Added Pin To Net: NetName=CELL33 Pin=MUX3-20
Added Net: Name=CELL33
Added Pin To Net: NetName=CELL34 Pin=Mem1-37
Added Pin To Net: NetName=CELL34 Pin=MUX3-21
Added Net: Name=CELL34
Added Pin To Net: NetName=CELL35 Pin=Mem1-38
Added Pin To Net: NetName=CELL35 Pin=MUX3-22
Added Net: Name=CELL35
Added Pin To Net: NetName=CELL36 Pin=Mem1-39
Added Pin To Net: NetName=CELL36 Pin=MUX3-23
Added Net: Name=CELL36
Added Pin To Net: NetName=CELL37 Pin=Mem1-40
Added Pin To Net: NetName=CELL37 Pin=MUX3-24
Added Net: Name=CELL37
Added Pin To Net: NetName=CELL38 Pin=Mem1-41
Added Pin To Net: NetName=CELL38 Pin=MUX3-25
Added Net: Name=CELL38
Added Pin To Net: NetName=CELL39 Pin=Mem1-42
Added Pin To Net: NetName=CELL39 Pin=MUX3-26
Added Net: Name=CELL39
Added Pin To Net: NetName=CELL40 Pin=Mem1-43
Added Pin To Net: NetName=CELL40 Pin=MUX3-11
Added Net: Name=CELL40
Added Pin To Net: NetName=CELL41 Pin=Mem1-44
Added Pin To Net: NetName=CELL41 Pin=MUX3-10
Added Net: Name=CELL41
Added Pin To Net: NetName=CELL42 Pin=Mem1-45
Added Pin To Net: NetName=CELL42 Pin=MUX3-9
Added Net: Name=CELL42
Added Pin To Net: NetName=CELL43 Pin=Mem1-46
Added Pin To Net: NetName=CELL43 Pin=MUX3-8
Added Net: Name=CELL43
Added Pin To Net: NetName=CELL44 Pin=Mem1-47
Added Pin To Net: NetName=CELL44 Pin=MUX3-7
Added Net: Name=CELL44
Added Pin To Net: NetName=CELL45 Pin=Mem1-48
Added Pin To Net: NetName=CELL45 Pin=MUX3-6
Added Net: Name=CELL45
Added Pin To Net: NetName=CELL46 Pin=Mem1-49
Added Pin To Net: NetName=CELL46 Pin=MUX3-5
Added Net: Name=CELL46
Added Pin To Net: NetName=CELL47 Pin=Mem1-50
Added Pin To Net: NetName=CELL47 Pin=MUX3-4
Added Net: Name=CELL47
Added Pin To Net: NetName=CELL48 Pin=Mem1-51
Added Pin To Net: NetName=CELL48 Pin=MUX4-19
Added Net: Name=CELL48
Added Pin To Net: NetName=CELL49 Pin=Mem1-52
Added Pin To Net: NetName=CELL49 Pin=MUX4-20
Added Net: Name=CELL49
Added Pin To Net: NetName=CELL50 Pin=Mem1-53
Added Pin To Net: NetName=CELL50 Pin=MUX4-21
Added Net: Name=CELL50
Added Pin To Net: NetName=CELL51 Pin=Mem1-55
Added Pin To Net: NetName=CELL51 Pin=MUX4-22
Added Net: Name=CELL51
Added Pin To Net: NetName=CELL52 Pin=Mem1-56
Added Pin To Net: NetName=CELL52 Pin=MUX4-23
Added Net: Name=CELL52
Added Pin To Net: NetName=CELL53 Pin=Mem1-57
Added Pin To Net: NetName=CELL53 Pin=MUX4-24
Added Net: Name=CELL53
Added Pin To Net: NetName=CELL54 Pin=Mem1-58
Added Pin To Net: NetName=CELL54 Pin=MUX4-25
Added Net: Name=CELL54
Added Pin To Net: NetName=CELL55 Pin=Mem1-59
Added Pin To Net: NetName=CELL55 Pin=MUX4-26
Added Net: Name=CELL55
Added Pin To Net: NetName=CELL56 Pin=Mem1-60
Added Pin To Net: NetName=CELL56 Pin=MUX4-11
Added Net: Name=CELL56
Added Pin To Net: NetName=CELL57 Pin=Mem1-61
Added Pin To Net: NetName=CELL57 Pin=MUX4-10
Added Net: Name=CELL57
Added Pin To Net: NetName=CELL58 Pin=Mem1-62
Added Pin To Net: NetName=CELL58 Pin=MUX4-9
Added Net: Name=CELL58
Added Pin To Net: NetName=CELL59 Pin=Mem1-63
Added Pin To Net: NetName=CELL59 Pin=MUX4-8
Added Net: Name=CELL59
Added Pin To Net: NetName=CELL60 Pin=Mem1-64
Added Pin To Net: NetName=CELL60 Pin=MUX4-7
Added Net: Name=CELL60
Added Pin To Net: NetName=CELL61 Pin=Mem1-65
Added Pin To Net: NetName=CELL61 Pin=MUX4-6
Added Net: Name=CELL61
Added Pin To Net: NetName=CELL62 Pin=Mem1-66
Added Pin To Net: NetName=CELL62 Pin=MUX4-5
Added Net: Name=CELL62
Added Pin To Net: NetName=CELL63 Pin=Mem1-67
Added Pin To Net: NetName=CELL63 Pin=MUX4-4
Added Net: Name=CELL63
Added Pin To Net: NetName=CELL64 Pin=Mem1-68
Added Pin To Net: NetName=CELL64 Pin=MUX5-19
Added Net: Name=CELL64
Added Pin To Net: NetName=CELL65 Pin=Mem1-69
Added Pin To Net: NetName=CELL65 Pin=MUX5-20
Added Net: Name=CELL65
Added Pin To Net: NetName=CELL66 Pin=Mem1-70
Added Pin To Net: NetName=CELL66 Pin=MUX5-21
Added Net: Name=CELL66
Added Pin To Net: NetName=CELL67 Pin=Mem1-71
Added Pin To Net: NetName=CELL67 Pin=MUX5-22
Added Net: Name=CELL67
Added Pin To Net: NetName=CELL68 Pin=Mem1-72
Added Pin To Net: NetName=CELL68 Pin=MUX5-23
Added Net: Name=CELL68
Added Pin To Net: NetName=CELL69 Pin=Mem1-73
Added Pin To Net: NetName=CELL69 Pin=MUX5-24
Added Net: Name=CELL69
Added Pin To Net: NetName=CELL70 Pin=Mem1-74
Added Pin To Net: NetName=CELL70 Pin=MUX5-25
Added Net: Name=CELL70
Added Pin To Net: NetName=CELL71 Pin=Mem1-76
Added Pin To Net: NetName=CELL71 Pin=MUX5-26
Added Net: Name=CELL71
Added Pin To Net: NetName=CELL72 Pin=Mem1-77
Added Pin To Net: NetName=CELL72 Pin=MUX5-11
Added Net: Name=CELL72
Added Pin To Net: NetName=CELL73 Pin=Mem1-78
Added Pin To Net: NetName=CELL73 Pin=MUX5-10
Added Net: Name=CELL73
Added Pin To Net: NetName=CELL74 Pin=Mem1-79
Added Pin To Net: NetName=CELL74 Pin=MUX5-9
Added Net: Name=CELL74
Added Pin To Net: NetName=CELL75 Pin=Mem1-80
Added Pin To Net: NetName=CELL75 Pin=MUX5-8
Added Net: Name=CELL75
Added Pin To Net: NetName=CELL76 Pin=Mem1-81
Added Pin To Net: NetName=CELL76 Pin=MUX5-7
Added Net: Name=CELL76
Added Pin To Net: NetName=CELL77 Pin=Mem1-82
Added Pin To Net: NetName=CELL77 Pin=MUX5-6
Added Net: Name=CELL77
Added Pin To Net: NetName=CELL78 Pin=Mem1-83
Added Pin To Net: NetName=CELL78 Pin=MUX5-5
Added Net: Name=CELL78
Added Pin To Net: NetName=CELL79 Pin=Mem1-84
Added Pin To Net: NetName=CELL79 Pin=MUX5-4
Added Net: Name=CELL79
Added Pin To Net: NetName=DAC0 Pin=DACA1-8
Added Pin To Net: NetName=DAC0 Pin=DACB1-8
Added Pin To Net: NetName=DAC0 Pin=FPGA_Board1-4
Added Net: Name=DAC0
Added Pin To Net: NetName=DAC1 Pin=DACA1-7
Added Pin To Net: NetName=DAC1 Pin=DACB1-7
Added Pin To Net: NetName=DAC1 Pin=FPGA_Board1-5
Added Net: Name=DAC1
Added Pin To Net: NetName=DAC2 Pin=DACA1-6
Added Pin To Net: NetName=DAC2 Pin=DACB1-6
Added Pin To Net: NetName=DAC2 Pin=FPGA_Board1-6
Added Net: Name=DAC2
Added Pin To Net: NetName=DAC3 Pin=DACA1-5
Added Pin To Net: NetName=DAC3 Pin=DACB1-5
Added Pin To Net: NetName=DAC3 Pin=FPGA_Board1-7
Added Net: Name=DAC3
Added Pin To Net: NetName=DAC4 Pin=DACA1-4
Added Pin To Net: NetName=DAC4 Pin=DACB1-4
Added Pin To Net: NetName=DAC4 Pin=FPGA_Board1-8
Added Net: Name=DAC4
Added Pin To Net: NetName=DAC5 Pin=DACA1-3
Added Pin To Net: NetName=DAC5 Pin=DACB1-3
Added Pin To Net: NetName=DAC5 Pin=FPGA_Board1-9
Added Net: Name=DAC5
Added Pin To Net: NetName=GND Pin=B2-1
Added Pin To Net: NetName=GND Pin=BNC1-2
Added Pin To Net: NetName=GND Pin=BNC1-2
Added Pin To Net: NetName=GND Pin=BNC1-2
Added Pin To Net: NetName=GND Pin=BNC2-1
Added Pin To Net: NetName=GND Pin=BNC3-2
Added Pin To Net: NetName=GND Pin=BNC3-2
Added Pin To Net: NetName=GND Pin=BNC3-2
Added Pin To Net: NetName=GND Pin=C1-1
Added Pin To Net: NetName=GND Pin=C2-2
Added Pin To Net: NetName=GND Pin=C3-2
Added Pin To Net: NetName=GND Pin=C4-2
Added Pin To Net: NetName=GND Pin=C5-2
Added Pin To Net: NetName=GND Pin=C6-1
Added Pin To Net: NetName=GND Pin=C7-2
Added Pin To Net: NetName=GND Pin=C8-1
Added Pin To Net: NetName=GND Pin=C9-1
Added Pin To Net: NetName=GND Pin=C10-1
Added Pin To Net: NetName=GND Pin=C11-2
Added Pin To Net: NetName=GND Pin=C12-2
Added Pin To Net: NetName=GND Pin=C13-2
Added Pin To Net: NetName=GND Pin=C14-2
Added Pin To Net: NetName=GND Pin=C15-2
Added Pin To Net: NetName=GND Pin=C16-2
Added Pin To Net: NetName=GND Pin=C17-1
Added Pin To Net: NetName=GND Pin=C18-1
Added Pin To Net: NetName=GND Pin=C19-1
Added Pin To Net: NetName=GND Pin=C20-1
Added Pin To Net: NetName=GND Pin=C21-1
Added Pin To Net: NetName=GND Pin=C22-1
Added Pin To Net: NetName=GND Pin=C23-2
Added Pin To Net: NetName=GND Pin=C24-1
Added Pin To Net: NetName=GND Pin=D1-3
Added Pin To Net: NetName=GND Pin=DACA1-9
Added Pin To Net: NetName=GND Pin=DACA1-12
Added Pin To Net: NetName=GND Pin=DACA1-13
Added Pin To Net: NetName=GND Pin=DACB1-9
Added Pin To Net: NetName=GND Pin=DACB1-12
Added Pin To Net: NetName=GND Pin=DACB1-13
Added Pin To Net: NetName=GND Pin=DC1-2
Added Pin To Net: NetName=GND Pin=DC1-3
Added Pin To Net: NetName=GND Pin=DC2-2
Added Pin To Net: NetName=GND Pin=DC2-3
Added Pin To Net: NetName=GND Pin=DC2-4
Added Pin To Net: NetName=GND Pin=FPGA_Board1-25
Added Pin To Net: NetName=GND Pin=J1-1
Added Pin To Net: NetName=GND Pin=J1-1A
Added Pin To Net: NetName=GND Pin=J1-1B
Added Pin To Net: NetName=GND Pin=LevelTr1-7
Added Pin To Net: NetName=GND Pin=Mem1-12
Added Pin To Net: NetName=GND Pin=Mem1-33
Added Pin To Net: NetName=GND Pin=Mem1-54
Added Pin To Net: NetName=GND Pin=Mem1-75
Added Pin To Net: NetName=GND Pin=MUX1-12
Added Pin To Net: NetName=GND Pin=MUX2-12
Added Pin To Net: NetName=GND Pin=MUX3-12
Added Pin To Net: NetName=GND Pin=MUX4-12
Added Pin To Net: NetName=GND Pin=MUX5-12
Added Pin To Net: NetName=GND Pin=MUX6-12
Added Pin To Net: NetName=GND Pin=R6-CCW
Added Pin To Net: NetName=GND Pin=U1-4
Added Pin To Net: NetName=GND Pin=U1-8
Added Pin To Net: NetName=GND Pin=U2-4
Added Pin To Net: NetName=GND Pin=U2-5
Added Pin To Net: NetName=GND Pin=U3-8
Added Net: Name=GND
Added Pin To Net: NetName=MODERW0 Pin=FPGA_Board1-2
Added Pin To Net: NetName=MODERW0 Pin=MUX6-17
Added Net: Name=MODERW0
Added Pin To Net: NetName=MODERW1 Pin=FPGA_Board1-3
Added Pin To Net: NetName=MODERW1 Pin=MUX6-16
Added Net: Name=MODERW1
Added Pin To Net: NetName=NetB1_1 Pin=B1-1
Added Pin To Net: NetName=NetB1_1 Pin=P2-2
Added Net: Name=NetB1_1
Added Pin To Net: NetName=NetB3_1 Pin=B3-1
Added Pin To Net: NetName=NetB3_1 Pin=P5-2
Added Net: Name=NetB3_1
Added Pin To Net: NetName=NetBNC1_1 Pin=BNC1-1
Added Pin To Net: NetName=NetBNC1_1 Pin=P1-2
Added Net: Name=NetBNC1_1
Added Pin To Net: NetName=NetBNC2_2 Pin=BNC2-2
Added Pin To Net: NetName=NetBNC2_2 Pin=BNC2-2
Added Pin To Net: NetName=NetBNC2_2 Pin=BNC2-2
Added Pin To Net: NetName=NetBNC2_2 Pin=P4-2
Added Net: Name=NetBNC2_2
Added Pin To Net: NetName=NetBNC3_1 Pin=BNC3-1
Added Pin To Net: NetName=NetBNC3_1 Pin=P9-1
Added Net: Name=NetBNC3_1
Added Pin To Net: NetName=NetC1_2 Pin=C1-2
Added Pin To Net: NetName=NetC1_2 Pin=C2-1
Added Pin To Net: NetName=NetC1_2 Pin=C3-1
Added Pin To Net: NetName=NetC1_2 Pin=C7-1
Added Pin To Net: NetName=NetC1_2 Pin=C8-2
Added Pin To Net: NetName=NetC1_2 Pin=C11-1
Added Pin To Net: NetName=NetC1_2 Pin=C12-1
Added Pin To Net: NetName=NetC1_2 Pin=C16-1
Added Pin To Net: NetName=NetC1_2 Pin=C18-2
Added Pin To Net: NetName=NetC1_2 Pin=C19-2
Added Pin To Net: NetName=NetC1_2 Pin=C23-1
Added Pin To Net: NetName=NetC1_2 Pin=C24-2
Added Pin To Net: NetName=NetC1_2 Pin=DACA1-11
Added Pin To Net: NetName=NetC1_2 Pin=DACB1-11
Added Pin To Net: NetName=NetC1_2 Pin=DC1-14
Added Pin To Net: NetName=NetC1_2 Pin=DC2-1
Added Pin To Net: NetName=NetC1_2 Pin=DC2-5
Added Pin To Net: NetName=NetC1_2 Pin=LevelTr1-14
Added Pin To Net: NetName=NetC1_2 Pin=MUX1-1
Added Pin To Net: NetName=NetC1_2 Pin=MUX2-1
Added Pin To Net: NetName=NetC1_2 Pin=MUX3-1
Added Pin To Net: NetName=NetC1_2 Pin=MUX4-1
Added Pin To Net: NetName=NetC1_2 Pin=MUX5-1
Added Pin To Net: NetName=NetC1_2 Pin=MUX6-1
Added Pin To Net: NetName=NetC1_2 Pin=P7-2
Added Pin To Net: NetName=NetC1_2 Pin=R1-2
Added Pin To Net: NetName=NetC1_2 Pin=R3-2
Added Pin To Net: NetName=NetC1_2 Pin=U1-4
Added Pin To Net: NetName=NetC1_2 Pin=U1-8
Added Pin To Net: NetName=NetC1_2 Pin=U2-7
Added Pin To Net: NetName=NetC1_2 Pin=U3-4
Added Net: Name=NetC1_2
Added Pin To Net: NetName=NetC4_1 Pin=C4-1
Added Pin To Net: NetName=NetC4_1 Pin=C5-1
Added Pin To Net: NetName=NetC4_1 Pin=C6-2
Added Pin To Net: NetName=NetC4_1 Pin=C9-2
Added Pin To Net: NetName=NetC4_1 Pin=C10-2
Added Pin To Net: NetName=NetC4_1 Pin=C15-1
Added Pin To Net: NetName=NetC4_1 Pin=C17-2
Added Pin To Net: NetName=NetC4_1 Pin=DC1-11
Added Pin To Net: NetName=NetC4_1 Pin=MUX1-27
Added Pin To Net: NetName=NetC4_1 Pin=MUX2-27
Added Pin To Net: NetName=NetC4_1 Pin=MUX3-27
Added Pin To Net: NetName=NetC4_1 Pin=MUX4-27
Added Pin To Net: NetName=NetC4_1 Pin=MUX5-27
Added Pin To Net: NetName=NetC4_1 Pin=MUX6-27
Added Pin To Net: NetName=NetC4_1 Pin=P3-2
Added Pin To Net: NetName=NetC4_1 Pin=R2-CW
Added Net: Name=NetC4_1
Added Pin To Net: NetName=NetC13_1 Pin=C13-1
Added Pin To Net: NetName=NetC13_1 Pin=DC2-7
Added Pin To Net: NetName=NetC13_1 Pin=DC2-8
Added Pin To Net: NetName=NetC13_1 Pin=LevelTr1-1
Added Pin To Net: NetName=NetC13_1 Pin=LevelTr1-8
Added Net: Name=NetC13_1
Added Pin To Net: NetName=NetC14_1 Pin=C14-1
Added Pin To Net: NetName=NetC14_1 Pin=DC1-22
Added Pin To Net: NetName=NetC14_1 Pin=DC1-23
Added Pin To Net: NetName=NetC14_1 Pin=FPGA_Board1-24
Added Pin To Net: NetName=NetC14_1 Pin=J1-3
Added Pin To Net: NetName=NetC14_1 Pin=J1-3A
Added Pin To Net: NetName=NetC14_1 Pin=J1-3B
Added Net: Name=NetC14_1
Added Pin To Net: NetName=NetD1_1 Pin=D1-1
Added Pin To Net: NetName=NetD1_1 Pin=R3-1
Added Pin To Net: NetName=NetD1_1 Pin=U1-3
Added Net: Name=NetD1_1
Added Pin To Net: NetName=NetDACA1_10 Pin=DACA1-10
Added Pin To Net: NetName=NetDACA1_10 Pin=FPGA_Board1-10
Added Net: Name=NetDACA1_10
Added Pin To Net: NetName=NetDACA1_14 Pin=DACA1-14
Added Pin To Net: NetName=NetDACA1_14 Pin=DACA1-15
Added Pin To Net: NetName=NetDACA1_14 Pin=DACA1-16
Added Pin To Net: NetName=NetDACA1_14 Pin=R8-1
Added Pin To Net: NetName=NetDACA1_14 Pin=U2-3
Added Net: Name=NetDACA1_14
Added Pin To Net: NetName=NetDACB1_10 Pin=DACB1-10
Added Pin To Net: NetName=NetDACB1_10 Pin=FPGA_Board1-11
Added Net: Name=NetDACB1_10
Added Pin To Net: NetName=NetDACB1_16 Pin=DACB1-16
Added Pin To Net: NetName=NetDACB1_16 Pin=U3-2
Added Net: Name=NetDACB1_16
Added Pin To Net: NetName=NetFPGA_Board1_1 Pin=FPGA_Board1-1
Added Pin To Net: NetName=NetFPGA_Board1_1 Pin=MUX6-18
Added Net: Name=NetFPGA_Board1_1
Added Pin To Net: NetName=NetFPGA_Board1_14 Pin=FPGA_Board1-14
Added Pin To Net: NetName=NetFPGA_Board1_14 Pin=LevelTr1-2
Added Net: Name=NetFPGA_Board1_14
Added Pin To Net: NetName=NetFPGA_Board1_15 Pin=FPGA_Board1-15
Added Pin To Net: NetName=NetFPGA_Board1_15 Pin=LevelTr1-3
Added Net: Name=NetFPGA_Board1_15
Added Pin To Net: NetName=NetJ1_2 Pin=J1-2
Added Pin To Net: NetName=NetJ1_2 Pin=J1-2A
Added Pin To Net: NetName=NetJ1_2 Pin=J1-2B
Added Net: Name=NetJ1_2
Added Pin To Net: NetName=NetLevelTr1_12 Pin=LevelTr1-12
Added Pin To Net: NetName=NetLevelTr1_12 Pin=U3-1
Added Net: Name=NetLevelTr1_12
Added Pin To Net: NetName=NetLevelTr1_13 Pin=LevelTr1-13
Added Pin To Net: NetName=NetLevelTr1_13 Pin=U1-7
Added Net: Name=NetLevelTr1_13
Added Pin To Net: NetName=NetMUX1_28 Pin=MUX1-28
Added Pin To Net: NetName=NetMUX1_28 Pin=MUX2-28
Added Pin To Net: NetName=NetMUX1_28 Pin=MUX3-28
Added Pin To Net: NetName=NetMUX1_28 Pin=MUX4-28
Added Pin To Net: NetName=NetMUX1_28 Pin=MUX5-28
Added Pin To Net: NetName=NetMUX1_28 Pin=MUX6-28
Added Net: Name=NetMUX1_28
Added Pin To Net: NetName=NetMUX6_22 Pin=MUX6-22
Added Pin To Net: NetName=NetMUX6_22 Pin=P8-2
Added Pin To Net: NetName=NetMUX6_22 Pin=P9-2
Added Pin To Net: NetName=NetMUX6_22 Pin=P10-2
Added Net: Name=NetMUX6_22
Added Pin To Net: NetName=NetP8_1 Pin=P8-1
Added Pin To Net: NetName=NetP8_1 Pin=R4-1
Added Pin To Net: NetName=NetP8_1 Pin=U1-6
Added Net: Name=NetP8_1
Added Pin To Net: NetName=NetP10_1 Pin=P10-1
Added Pin To Net: NetName=NetP10_1 Pin=R8-2
Added Pin To Net: NetName=NetP10_1 Pin=U2-2
Added Net: Name=NetP10_1
Added Pin To Net: NetName=NetR1_1 Pin=R1-1
Added Pin To Net: NetName=NetR1_1 Pin=R2-CCW
Added Net: Name=NetR1_1
Added Pin To Net: NetName=NetR4_2 Pin=R4-2
Added Pin To Net: NetName=NetR4_2 Pin=R5-2
Added Pin To Net: NetName=NetR4_2 Pin=U1-1
Added Pin To Net: NetName=NetR4_2 Pin=U1-2
Added Net: Name=NetR4_2
Added Pin To Net: NetName=NetR5_1 Pin=R5-1
Added Pin To Net: NetName=NetR5_1 Pin=R6-CW
Added Pin To Net: NetName=NetR5_1 Pin=U1-5
Added Net: Name=NetR5_1
Added Pin To Net: NetName=NetR7_1 Pin=R7-1
Added Pin To Net: NetName=NetR7_1 Pin=U2-1
Added Net: Name=NetR7_1
Added Pin To Net: NetName=NetR7_2 Pin=R7-2
Added Pin To Net: NetName=NetR7_2 Pin=U2-8
Added Net: Name=NetR7_2
Added Pin To Net: NetName=NetU2_6 Pin=U2-6
Added Pin To Net: NetName=NetU2_6 Pin=U3-3
Added Net: Name=NetU2_6
Added Pin To Net: NetName=S0 Pin=FPGA_Board1-44
Added Pin To Net: NetName=S0 Pin=MUX1-18
Added Net: Name=S0
Added Pin To Net: NetName=S1 Pin=FPGA_Board1-43
Added Pin To Net: NetName=S1 Pin=MUX2-18
Added Net: Name=S1
Added Pin To Net: NetName=S2 Pin=FPGA_Board1-42
Added Pin To Net: NetName=S2 Pin=MUX3-18
Added Net: Name=S2
Added Pin To Net: NetName=S3 Pin=FPGA_Board1-41
Added Pin To Net: NetName=S3 Pin=MUX4-18
Added Net: Name=S3
Added Pin To Net: NetName=S4 Pin=FPGA_Board1-40
Added Pin To Net: NetName=S4 Pin=MUX5-18
Added Net: Name=S4
Added Pin To Net: NetName=VFORM Pin=MUX6-19
Added Net: Name=VFORM
Added Pin To Net: NetName=VRESET Pin=MUX6-21
Added Pin To Net: NetName=VRESET Pin=P1-1
Added Pin To Net: NetName=VRESET Pin=P2-1
Added Pin To Net: NetName=VRESET Pin=P3-1
Added Net: Name=VRESET
Added Pin To Net: NetName=VSET Pin=MUX6-20
Added Pin To Net: NetName=VSET Pin=P4-1
Added Pin To Net: NetName=VSET Pin=P5-1
Added Pin To Net: NetName=VSET Pin=P6-2
Added Pin To Net: NetName=VSET Pin=P7-1
Added Net: Name=VSET
Added Class: Name=AddressingMuxes_1
Added Class: Name=AddressingMuxes_2
Added Class: Name=FPGA_board_and_power
Added Class: Name=MemoryChip
Added Class: Name=RWcircuit_1
Added Class: Name=RWcircuit_2
Added Class: Name=A[0..3]
Added Class: Name=CELL[0..79]
Added Class: Name=DAC[0..5]
Added Class: Name=MODERW[0..1]
Added Class: Name=S[0..4]
Added Room: Name=AddressingMuxes_1
Added Room: Name=AddressingMuxes_2
Added Room: Name=FPGA_board_and_power
Added Room: Name=MemoryChip
Added Room: Name=RWcircuit_1
Added Room: Name=RWcircuit_2
