Added Pin To Net: NetName=PIO03 Pin=FPGA_Board1-3
Added Pin To Net: NetName=PIO04 Pin=FPGA_Board1-4
Added Pin To Net: NetName=PIO05 Pin=FPGA_Board1-5
Added Pin To Net: NetName=PIO06 Pin=FPGA_Board1-6
Added Pin To Net: NetName=PIO15 Pin=FPGA_Board1-15
Added Pin To Net: NetName=PIO15 Pin=P1-15
Added Net: Name=PIO15
Added Pin To Net: NetName=PIO16 Pin=FPGA_Board1-16
Added Pin To Net: NetName=PIO16 Pin=P1-16
Added Net: Name=PIO16
Added Pin To Net: NetName=PIO17 Pin=FPGA_Board1-17
Added Pin To Net: NetName=PIO17 Pin=P1-17
Added Net: Name=PIO17
Added Pin To Net: NetName=PIO18 Pin=FPGA_Board1-18
Added Pin To Net: NetName=PIO18 Pin=P1-18
Added Net: Name=PIO18
Added Pin To Net: NetName=PIO19 Pin=FPGA_Board1-19
Added Pin To Net: NetName=PIO19 Pin=P1-19
Added Net: Name=PIO19
Added Pin To Net: NetName=PIO20 Pin=FPGA_Board1-20
Added Pin To Net: NetName=PIO20 Pin=P1-20
Added Net: Name=PIO20
Added Pin To Net: NetName=PIO36 Pin=FPGA_Board1-36
Added Pin To Net: NetName=PIO36 Pin=P2-13
Added Net: Name=PIO36
Added Pin To Net: NetName=PIO37 Pin=FPGA_Board1-37
Added Pin To Net: NetName=PIO37 Pin=P2-12
Added Net: Name=PIO37
Added Pin To Net: NetName=PIO38 Pin=FPGA_Board1-38
Added Pin To Net: NetName=PIO38 Pin=P2-11
Added Net: Name=PIO38
Added Pin To Net: NetName=PIO39 Pin=FPGA_Board1-39
Added Pin To Net: NetName=PIO39 Pin=P2-10
Added Net: Name=PIO39
Added Pin To Net: NetName=PIO40 Pin=FPGA_Board1-40
Added Pin To Net: NetName=PIO40 Pin=P2-9
Added Net: Name=PIO40
Added Pin To Net: NetName=PIO41 Pin=FPGA_Board1-41
Added Pin To Net: NetName=PIO41 Pin=P2-8
Added Net: Name=PIO41
Added Pin To Net: NetName=PIO42 Pin=FPGA_Board1-42
Added Pin To Net: NetName=PIO42 Pin=P2-7
Added Net: Name=PIO42
Added Pin To Net: NetName=PIO43 Pin=FPGA_Board1-43
Added Pin To Net: NetName=PIO43 Pin=P2-6
Added Net: Name=PIO43
Added Pin To Net: NetName=PIO44 Pin=FPGA_Board1-44
Added Pin To Net: NetName=PIO44 Pin=P2-5
Added Net: Name=PIO44
Added Pin To Net: NetName=PIO45 Pin=AM1-1
Added Pin To Net: NetName=PIO45 Pin=FPGA_Board1-45
Added Pin To Net: NetName=PIO45 Pin=P2-4
Added Net: Name=PIO45
Added Pin To Net: NetName=PIO46 Pin=FPGA_Board1-46
Added Pin To Net: NetName=PIO46 Pin=P2-3
Added Pin To Net: NetName=PIO46 Pin=RD1-1
Added Net: Name=PIO46
Added Pin To Net: NetName=PIO47 Pin=FPGA_Board1-47
Added Pin To Net: NetName=PIO47 Pin=P2-2
Added Pin To Net: NetName=PIO47 Pin=YL1-1
Added Net: Name=PIO47
Added Pin To Net: NetName=PIO48 Pin=FPGA_Board1-48
Added Pin To Net: NetName=PIO48 Pin=GR1-1
Added Pin To Net: NetName=PIO48 Pin=P2-1
Added Net: Name=PIO48
