Removed Pin From Net: NetName=NetP15_1 Pin=R9-CCW
Removed Pin From Net: NetName=NetP16_2 Pin=R9-CW
Removed Pin From Net: NetName=GND Pin=R11-CCW
Removed Pin From Net: NetName=NetR10_1 Pin=R11-CW
Removed Pin From Net: NetName=GND Pin=R14-CCW
Removed Pin From Net: NetName=NetR13_1 Pin=R14-CW
Change Component DesignItemId : Designator=R9 Old DesignItemId=RPot SM New DesignItemId=RPot
Change Component DesignItemId : Designator=R11 Old DesignItemId=RPot SM New DesignItemId=RPot
Change Component DesignItemId : Designator=R14 Old DesignItemId=RPot SM New DesignItemId=RPot
Change Component Footprint: Designator=R9 Old Footprint=POT4MM-2 New Footprint=VR5
Change Component Footprint: Designator=R11 Old Footprint=POT4MM-2 New Footprint=VR5
Change Component Footprint: Designator=R14 Old Footprint=POT4MM-2 New Footprint=VR5
Change Component Comment : Designator=R9 Old Comment=RPot SM New Comment=RPot
Change Component Comment : Designator=R11 Old Comment=RPot SM New Comment=RPot
Change Component Comment : Designator=R14 Old Comment=RPot SM New Comment=RPot
Added Pin To Net: NetName=NetP15_1 Pin=R9-1
Added Pin To Net: NetName=NetP16_2 Pin=R9-2
Added Pin To Net: NetName=GND Pin=R11-1
Added Pin To Net: NetName=NetR10_1 Pin=R11-2
Added Pin To Net: NetName=GND Pin=R14-1
Added Pin To Net: NetName=NetR13_1 Pin=R14-2
