Removed Pin From Net: NetName=ENABLERW Pin=FPGA_Board1-20
Removed Pin From Net: NetName=MODERW0 Pin=FPGA_Board1-21
Removed Pin From Net: NetName=MODERW1 Pin=FPGA_Board1-22
Removed Pin From Net: NetName=ENABLERW Pin=P1-10
Removed Pin From Net: NetName=MODERW0 Pin=P1-11
Removed Pin From Net: NetName=MODERW1 Pin=P1-12
Removed Pin From Net: NetName=VCOMP1 Pin=P1-13
Removed Pin From Net: NetName=VCOMP2 Pin=P1-14
Removed Pin From Net: NetName=DACASELECT Pin=P1-16
Removed Pin From Net: NetName=DACBSELECT Pin=P1-17
Removed Pin From Net: NetName=DAC0 Pin=P1-18
Removed Pin From Net: NetName=DAC1 Pin=P1-19
Removed Pin From Net: NetName=DAC2 Pin=P1-20
Removed Pin From Net: NetName=DAC3 Pin=P1-21
Removed Pin From Net: NetName=DAC4 Pin=P1-22
Removed Pin From Net: NetName=DAC5 Pin=P1-23
Added Pin To Net: NetName=ENABLERW Pin=FPGA_Board1-21
Added Pin To Net: NetName=MODERW0 Pin=FPGA_Board1-22
Added Pin To Net: NetName=MODERW1 Pin=FPGA_Board1-23
Added Pin To Net: NetName=DACASELECT Pin=P1-7
Added Pin To Net: NetName=DACBSELECT Pin=P1-8
Added Pin To Net: NetName=DAC0 Pin=P1-9
Added Pin To Net: NetName=DAC1 Pin=P1-10
Added Pin To Net: NetName=DAC2 Pin=P1-11
Added Pin To Net: NetName=DAC3 Pin=P1-12
Added Pin To Net: NetName=DAC4 Pin=P1-13
Added Pin To Net: NetName=DAC5 Pin=P1-14
Added Pin To Net: NetName=ENABLERW Pin=P1-21
Added Pin To Net: NetName=MODERW0 Pin=P1-22
Added Pin To Net: NetName=MODERW1 Pin=P1-23
