Removed Pin From Net: NetName=NetBNC4_1 Pin=BNC4-1
Removed Pin From Net: NetName=GND Pin=BNC4-2
Removed Pin From Net: NetName=GND Pin=BNC4-2
Removed Pin From Net: NetName=GND Pin=BNC4-2
Removed Pin From Net: NetName=5V Pin=C15-1
Removed Pin From Net: NetName=GND Pin=C15-2
Removed Pin From Net: NetName=VRESET Pin=P6-1
Removed Pin From Net: NetName=NetBNC2_1 Pin=P6-2
Removed Pin From Net: NetName=VRESET Pin=P10-1
Removed Pin From Net: NetName=NetB3_1 Pin=P10-2
Removed Pin From Net: NetName=NetP16_1 Pin=P16-1
Removed Pin From Net: NetName=NetMUX6_22 Pin=P16-2
Removed Pin From Net: NetName=NetBNC4_1 Pin=P17-1
Removed Pin From Net: NetName=NetMUX6_22 Pin=P17-2
Added Component: Designator=BNC4(BNC_RA CON)
Added Component: Designator=C15(CAPR5-4X5)
Added Component: Designator=D?(3.2X1.6X1.1)
Added Component: Designator=P6(HDR1X2)
Added Component: Designator=P10(HDR1X2)
Added Component: Designator=P16(HDR1X2)
Added Component: Designator=P17(HDR1X2)
Added Pin To Net: NetName=NetBNC4_1 Pin=BNC4-1
Added Pin To Net: NetName=GND Pin=BNC4-2
Added Pin To Net: NetName=GND Pin=BNC4-2
Added Pin To Net: NetName=GND Pin=BNC4-2
Added Pin To Net: NetName=5V Pin=C15-1
Added Pin To Net: NetName=GND Pin=C15-2
Added Pin To Net: NetName=VRESET Pin=P6-1
Added Pin To Net: NetName=NetBNC2_1 Pin=P6-2
Added Pin To Net: NetName=VRESET Pin=P10-1
Added Pin To Net: NetName=NetB3_1 Pin=P10-2
Added Pin To Net: NetName=NetP16_1 Pin=P16-1
Added Pin To Net: NetName=NetMUX6_22 Pin=P16-2
Added Pin To Net: NetName=NetBNC4_1 Pin=P17-1
Added Pin To Net: NetName=NetMUX6_22 Pin=P17-2
Added Member To Class: ClassName=FPGA_board_and_power Member=Component C15 Cap2
Added Member To Class: ClassName=RWcircuit_1 Member=Component P7 Header 2
Added Member To Class: ClassName=RWcircuit_1 Member=Component R1 RPot SM
Added Member To Class: ClassName=RWcircuit_2 Member=Component R2 Res3
