Removed Member From Class: ClassName=RWcircuit_1 Member=BNC
Change Component Designator: OldDesignator=Ban NewDesignator=P6
Change Component Designator: OldDesignator=Ban NewDesignator=P12
Change Component Designator: OldDesignator=Ban NewDesignator=P14
Change Component Designator: OldDesignator=BJT1 NewDesignator=P10
Change Component Designator: OldDesignator=BJT2 NewDesignator=P11
Change Component Designator: OldDesignator=BNC NewDesignator=P5
Change Component Designator: OldDesignator=BNC NewDesignator=P8
Change Component Designator: OldDesignator=BNC NewDesignator=P17
Change Component Designator: OldDesignator=BNC NewDesignator=P18
Change Component Designator: OldDesignator=Brdg NewDesignator=P19
Change Component Designator: OldDesignator=Dac NewDesignator=P20
Change Component Designator: OldDesignator=Vdd NewDesignator=P7
Change Component Designator: OldDesignator=Vdd NewDesignator=P9
Change Component Designator: OldDesignator=Vss NewDesignator=P13
Added Member To Class: ClassName=RWcircuit_1 Member=Component P5 Header 2
Added Member To Class: ClassName=RWcircuit_1 Member=Component P8 Header 2
Added Member To Class: ClassName=RWcircuit_1 Member=Component P9 Header 2
Added Member To Class: ClassName=RWcircuit_1 Member=Component P12 Header 2
Added Member To Class: ClassName=RWcircuit_1 Member=Component P14 Header 2
Added Member To Class: ClassName=RWcircuit_1 Member=Component P17 Header 2
