Change Physical Footprint: Designator=AM1 Old Footprint=3.2X1.6X1.1 New Footprint=3.2X1.6X1.1
Change Physical Footprint: Designator=B1 Old Footprint=Banana_conn_4mm New Footprint=Banana_conn_4mm
Change Physical Footprint: Designator=B2 Old Footprint=Banana_conn_4mm New Footprint=Banana_conn_4mm
Change Physical Footprint: Designator=B3 Old Footprint=Banana_conn_4mm New Footprint=Banana_conn_4mm
Change Physical Footprint: Designator=B4 Old Footprint=Banana_conn_4mm New Footprint=Banana_conn_4mm
Change Physical Footprint: Designator=BNC1 Old Footprint=BNC_RA CON New Footprint=BNC_RA CON
Change Physical Footprint: Designator=BNC2 Old Footprint=BNC_RA CON New Footprint=BNC_RA CON
Change Physical Footprint: Designator=BNC3 Old Footprint=BNC_RA CON New Footprint=BNC_RA CON
Change Physical Footprint: Designator=BNC4 Old Footprint=BNC_RA CON New Footprint=BNC_RA CON
Change Physical Footprint: Designator=C1 Old Footprint=C1206 New Footprint=C1206
Change Physical Footprint: Designator=C2 Old Footprint=C1206 New Footprint=C1206
Change Physical Footprint: Designator=C3 Old Footprint=C1206 New Footprint=C1206
Change Physical Footprint: Designator=C4 Old Footprint=C1206 New Footprint=C1206
Change Physical Footprint: Designator=C5 Old Footprint=C1206 New Footprint=C1206
Change Physical Footprint: Designator=C6 Old Footprint=C1206 New Footprint=C1206
Change Physical Footprint: Designator=C7 Old Footprint=C1206 New Footprint=C1206
Change Physical Footprint: Designator=C8 Old Footprint=C1206 New Footprint=C1206
Change Physical Footprint: Designator=C9 Old Footprint=C1206 New Footprint=C1206
Change Physical Footprint: Designator=C10 Old Footprint=C1206 New Footprint=C1206
Change Physical Footprint: Designator=C11 Old Footprint=CAPR5-4X5 New Footprint=CAPR5-4X5
Change Physical Footprint: Designator=C12 Old Footprint=CAPR5-4X5 New Footprint=CAPR5-4X5
Change Physical Footprint: Designator=C13 Old Footprint=CAPR5-4X5 New Footprint=CAPR5-4X5
Change Physical Footprint: Designator=C14 Old Footprint=CAPR5-4X5 New Footprint=CAPR5-4X5
Change Physical Footprint: Designator=C15 Old Footprint=CAPR5-4X5 New Footprint=CAPR5-4X5
Change Physical Footprint: Designator=C16 Old Footprint=C1206 New Footprint=C1206
Change Physical Footprint: Designator=C17 Old Footprint=C1206 New Footprint=C1206
Change Physical Footprint: Designator=C18 Old Footprint=C1206 New Footprint=C1206
Change Physical Footprint: Designator=C19 Old Footprint=C1206 New Footprint=C1206
Change Physical Footprint: Designator=C20 Old Footprint=C1206 New Footprint=C1206
Change Physical Footprint: Designator=C21 Old Footprint=C1206 New Footprint=C1206
Change Physical Footprint: Designator=C22 Old Footprint=C1206 New Footprint=C1206
Change Physical Footprint: Designator=C23 Old Footprint=C1206 New Footprint=C1206
Change Physical Footprint: Designator=C24 Old Footprint=C1206 New Footprint=C1206
Change Physical Footprint: Designator=DACA1 Old Footprint=N-16 New Footprint=N-16
Change Physical Footprint: Designator=DACB1 Old Footprint=N-16 New Footprint=N-16
Change Physical Footprint: Designator=DC1 Old Footprint=LT-TS8-8-TSOT-23_V New Footprint=LT-TS8-8-TSOT-23_V
Change Physical Footprint: Designator=DC2 Old Footprint=TEN_3-1221 New Footprint=TEN_3-1221
Change Physical Footprint: Designator=FPGA_Board1 Old Footprint=Cmod_S6_double_conn New Footprint=Cmod_S6_double_conn
Change Physical Footprint: Designator=GR1 Old Footprint=3.2X1.6X1.1 New Footprint=3.2X1.6X1.1
Change Physical Footprint: Designator=GR2 Old Footprint=3.2X1.6X1.1 New Footprint=3.2X1.6X1.1
Change Physical Footprint: Designator=GR3 Old Footprint=3.2X1.6X1.1 New Footprint=3.2X1.6X1.1
Change Physical Footprint: Designator=GR4 Old Footprint=3.2X1.6X1.1 New Footprint=3.2X1.6X1.1
Change Physical Footprint: Designator=H1 Old Footprint=M3_hole New Footprint=M3_hole
Change Physical Footprint: Designator=H2 Old Footprint=M3_hole New Footprint=M3_hole
Change Physical Footprint: Designator=H3 Old Footprint=M3_hole New Footprint=M3_hole
Change Physical Footprint: Designator=J1 Old Footprint=KLD-0202 New Footprint=KLD-0202
Change Physical Footprint: Designator=LevelTr1 Old Footprint=SOIC127P600X175-14N New Footprint=SOIC127P600X175-14N
Change Physical Footprint: Designator=Mem1 Old Footprint=PLCC84_TH_3M New Footprint=PLCC84_TH_3M
Change Physical Footprint: Designator=MUX1 Old Footprint=TSOP65P640X120-28N New Footprint=TSOP65P640X120-28N
Change Physical Footprint: Designator=MUX2 Old Footprint=TSOP65P640X120-28N New Footprint=TSOP65P640X120-28N
Change Physical Footprint: Designator=MUX3 Old Footprint=TSOP65P640X120-28N New Footprint=TSOP65P640X120-28N
Change Physical Footprint: Designator=MUX4 Old Footprint=TSOP65P640X120-28N New Footprint=TSOP65P640X120-28N
Change Physical Footprint: Designator=MUX5 Old Footprint=TSOP65P640X120-28N New Footprint=TSOP65P640X120-28N
Change Physical Footprint: Designator=MUX6 Old Footprint=TSOP65P640X120-28N New Footprint=TSOP65P640X120-28N
Change Physical Footprint: Designator=P1 Old Footprint=HDR1X24 New Footprint=HDR1X24
Change Physical Footprint: Designator=P2 Old Footprint=HDR1X24 New Footprint=HDR1X24
Change Physical Footprint: Designator=P3 Old Footprint=HDR1X2 New Footprint=HDR1X2
Change Physical Footprint: Designator=P4 Old Footprint=HDR1X2 New Footprint=HDR1X2
Change Physical Footprint: Designator=P5 Old Footprint=HDR1X2 New Footprint=HDR1X2
Change Physical Footprint: Designator=P6 Old Footprint=HDR1X2 New Footprint=HDR1X2
Change Physical Footprint: Designator=P7 Old Footprint=HDR1X2 New Footprint=HDR1X2
Change Physical Footprint: Designator=P8 Old Footprint=HDR1X2 New Footprint=HDR1X2
Change Physical Footprint: Designator=P9 Old Footprint=HDR1X2 New Footprint=HDR1X2
Change Physical Footprint: Designator=P10 Old Footprint=HDR1X2 New Footprint=HDR1X2
Change Physical Footprint: Designator=P11 Old Footprint=HDR1X2 New Footprint=HDR1X2
Change Physical Footprint: Designator=P12 Old Footprint=HDR1X2 New Footprint=HDR1X2
Change Physical Footprint: Designator=P13 Old Footprint=HDR1X2 New Footprint=HDR1X2
Change Physical Footprint: Designator=P14 Old Footprint=HDR1X2 New Footprint=HDR1X2
Change Physical Footprint: Designator=P15 Old Footprint=HDR1X2 New Footprint=HDR1X2
Change Physical Footprint: Designator=P16 Old Footprint=HDR1X2 New Footprint=HDR1X2
Change Physical Footprint: Designator=P17 Old Footprint=HDR1X2 New Footprint=HDR1X2
Change Physical Footprint: Designator=P18 Old Footprint=HDR1X2 New Footprint=HDR1X2
Change Physical Footprint: Designator=P19 Old Footprint=HDR1X2 New Footprint=HDR1X2
Change Physical Footprint: Designator=P20 Old Footprint=HDR1X2 New Footprint=HDR1X2
Change Physical Footprint: Designator=R1 Old Footprint=J1-0603 New Footprint=J1-0603
Change Physical Footprint: Designator=R2 Old Footprint=J1-0603 New Footprint=J1-0603
Change Physical Footprint: Designator=R3 Old Footprint=J1-0603 New Footprint=J1-0603
Change Physical Footprint: Designator=R4 Old Footprint=J1-0603 New Footprint=J1-0603
Change Physical Footprint: Designator=R5 Old Footprint=J1-0603 New Footprint=J1-0603
Change Physical Footprint: Designator=R6 Old Footprint=J1-0603 New Footprint=J1-0603
Change Physical Footprint: Designator=R7 Old Footprint=J1-0603 New Footprint=J1-0603
Change Physical Footprint: Designator=R8 Old Footprint=J1-0603 New Footprint=J1-0603
Change Physical Footprint: Designator=R9 Old Footprint=Trim_Bourns_3266X New Footprint=Trim_Bourns_3266X
Change Physical Footprint: Designator=R10 Old Footprint=J1-0603 New Footprint=J1-0603
Change Physical Footprint: Designator=R11 Old Footprint=Trim_Vishay_70_Series New Footprint=Trim_Vishay_70_Series
Change Physical Footprint: Designator=R12 Old Footprint=J1-0603 New Footprint=J1-0603
Change Physical Footprint: Designator=R14 Old Footprint=Trim_Vishay_70_Series New Footprint=Trim_Vishay_70_Series
Change Physical Footprint: Designator=R15 Old Footprint=J1-0603 New Footprint=J1-0603
Change Physical Footprint: Designator=R16 Old Footprint=J1-0603 New Footprint=J1-0603
Change Physical Footprint: Designator=RD1 Old Footprint=3.2X1.6X1.1 New Footprint=3.2X1.6X1.1
Change Physical Footprint: Designator=RD2 Old Footprint=3.2X1.6X1.1 New Footprint=3.2X1.6X1.1
Change Physical Footprint: Designator=U1 Old Footprint=ADI-R-8_N New Footprint=ADI-R-8_N
Change Physical Footprint: Designator=U2 Old Footprint=LT-S8-8_N New Footprint=LT-S8-8_N
Change Physical Footprint: Designator=U3 Old Footprint=ADI-R-8_N New Footprint=ADI-R-8_N
Change Physical Footprint: Designator=YL1 Old Footprint=3.2X1.6X1.1 New Footprint=3.2X1.6X1.1
