Removed Pin From Net: NetName=NetBNC4_1 Pin=BNC4-1
Removed Pin From Net: NetName=GND Pin=BNC4-2
Removed Pin From Net: NetName=GND Pin=BNC4-2
Removed Pin From Net: NetName=GND Pin=BNC4-2
Removed Pin From Net: NetName=5V Pin=C15-1
Removed Pin From Net: NetName=GND Pin=C15-2
Removed Pin From Net: NetName=PIO29 Pin=D1-1
Removed Pin From Net: NetName=PIO28 Pin=D2-1
Removed Pin From Net: NetName=VRESET Pin=P6-1
Removed Pin From Net: NetName=NetBNC2_1 Pin=P6-2
Removed Pin From Net: NetName=VRESET Pin=P10-1
Removed Pin From Net: NetName=NetB3_1 Pin=P10-2
Removed Pin From Net: NetName=NetP16_1 Pin=P16-1
Removed Pin From Net: NetName=NetMUX6_22 Pin=P16-2
Removed Pin From Net: NetName=NetBNC4_1 Pin=P17-1
Removed Pin From Net: NetName=NetMUX6_22 Pin=P17-2
Removed Pin From Net: NetName=NetP13_1 Pin=R8-CCW
Removed Pin From Net: NetName=NetP14_2 Pin=R8-CW
Removed Pin From Net: NetName=5V Pin=R9-2
Removed Pin From Net: NetName=GND Pin=R10-CCW
Removed Pin From Net: NetName=NetP16_1 Pin=R11-1
Removed Pin From Net: NetName=GND Pin=R13-CCW
Change Component DesignItemId : Designator=R8 Old DesignItemId=RPot SM New DesignItemId=Res3
Change Component Footprint: Designator=R8 Old Footprint=POT4MM-2 New Footprint=J1-0603
Change Component Comment : Designator=D5 Old Comment=LED2 New Comment=
Change Component Comment : Designator=D6 Old Comment=LED2 New Comment=
Change Component Comment : Designator=D7 Old Comment=LED2 New Comment=
Change Component Comment : Designator=R8 Old Comment=RPot SM New Comment=Res3
Change Component Designator: OldDesignator=D1 NewDesignator=YL1
Change Component Designator: OldDesignator=D2 NewDesignator=GR1
Change Component Designator: OldDesignator=D3 NewDesignator=RD1
Change Component Designator: OldDesignator=D4 NewDesignator=AM1
Change Component Designator: OldDesignator=D5 NewDesignator=RD2
Change Component Designator: OldDesignator=D6 NewDesignator=GR2
Change Component Designator: OldDesignator=D7 NewDesignator=GR4
Change Component Designator: OldDesignator=R15 NewDesignator=R16
Added Component: Designator=BNC4(BNC_RA CON)
Added Component: Designator=C15(CAPR5-4X5)
Added Component: Designator=GR3(3.2X1.6X1.1)
Added Component: Designator=P6(HDR1X2)
Added Component: Designator=P10(HDR1X2)
Added Component: Designator=P16(HDR1X2)
Added Component: Designator=P17(HDR1X2)
Added Component: Designator=R9(POT4MM-2)
Added Component: Designator=R10(J1-0603)
Added Component: Designator=R11(POT4MM-2)
Added Component: Designator=R12(J1-0603)
Added Component: Designator=R13(J1-0603)
Added Component: Designator=R14(POT4MM-2)
Added Component: Designator=R15(J1-0603)
Added Pin To Net: NetName=NetBNC4_1 Pin=BNC4-1
Added Pin To Net: NetName=GND Pin=BNC4-2
Added Pin To Net: NetName=GND Pin=BNC4-2
Added Pin To Net: NetName=GND Pin=BNC4-2
Added Pin To Net: NetName=5V Pin=C15-1
Added Pin To Net: NetName=GND Pin=C15-2
Added Pin To Net: NetName=PIO29 Pin=GR1-1
Added Pin To Net: NetName=3.3V Pin=GR3-1
Added Pin To Net: NetName=VRESET Pin=P6-1
Added Pin To Net: NetName=NetBNC2_1 Pin=P6-2
Added Pin To Net: NetName=VRESET Pin=P10-1
Added Pin To Net: NetName=NetB3_1 Pin=P10-2
Added Pin To Net: NetName=NetP16_1 Pin=P16-1
Added Pin To Net: NetName=NetMUX6_22 Pin=P16-2
Added Pin To Net: NetName=NetBNC4_1 Pin=P17-1
Added Pin To Net: NetName=NetMUX6_22 Pin=P17-2
Added Pin To Net: NetName=GND Pin=R8-2
Added Pin To Net: NetName=NetP13_1 Pin=R9-CCW
Added Pin To Net: NetName=NetP14_2 Pin=R9-CW
Added Pin To Net: NetName=5V Pin=R10-2
Added Pin To Net: NetName=GND Pin=R11-CCW
Added Pin To Net: NetName=NetP16_1 Pin=R12-1
Added Pin To Net: NetName=GND Pin=R14-CCW
Added Pin To Net: NetName=PIO28 Pin=YL1-1
Change Net Name : Old Net Name=NetD3_2 New Net Name=NetR3_2
Change Net Name : Old Net Name=NetD4_2 New Net Name=NetAM1_2
Change Net Name : Old Net Name=NetD5_2 New Net Name=NetR6_1
Added Pin To Net: NetName=NetGR1_2 Pin=GR1-2
Added Pin To Net: NetName=NetGR1_2 Pin=R1-2
Added Net: Name=NetGR1_2
Added Pin To Net: NetName=NetR2_2 Pin=R2-2
Added Pin To Net: NetName=NetR2_2 Pin=YL1-2
Added Net: Name=NetR2_2
Added Pin To Net: NetName=NetR10_1 Pin=R10-1
Added Pin To Net: NetName=NetR10_1 Pin=R11-CW
Added Pin To Net: NetName=NetR10_1 Pin=U1-3
Added Net: Name=NetR10_1
Added Pin To Net: NetName=NetR12_2 Pin=R12-2
Added Pin To Net: NetName=NetR12_2 Pin=R13-2
Added Pin To Net: NetName=NetR12_2 Pin=U1-1
Added Pin To Net: NetName=NetR12_2 Pin=U1-2
Added Net: Name=NetR12_2
Added Pin To Net: NetName=NetR13_1 Pin=R13-1
Added Pin To Net: NetName=NetR13_1 Pin=R14-CW
Added Pin To Net: NetName=NetR13_1 Pin=U1-5
Added Net: Name=NetR13_1
Added Pin To Net: NetName=NetR15_1 Pin=R15-1
Added Pin To Net: NetName=NetR15_1 Pin=U2-1
Added Net: Name=NetR15_1
Added Pin To Net: NetName=NetR15_2 Pin=R15-2
Added Pin To Net: NetName=NetR15_2 Pin=U2-8
Added Net: Name=NetR15_2
Added Member To Class: ClassName=FPGA_board_and_power Member=Component C15 Cap2
Added Member To Class: ClassName=FPGA_board_and_power Member=Component GR3 
Added Member To Class: ClassName=FPGA_board_and_power Member=Component R8 Res3
