Removed Pin From Net: NetName=DAC0 Pin=FPGA_Board1-4
Removed Pin From Net: NetName=DAC1 Pin=FPGA_Board1-5
Removed Pin From Net: NetName=DAC2 Pin=FPGA_Board1-6
Removed Pin From Net: NetName=DAC3 Pin=FPGA_Board1-7
Removed Pin From Net: NetName=DAC4 Pin=FPGA_Board1-8
Removed Pin From Net: NetName=DAC5 Pin=FPGA_Board1-9
Removed Pin From Net: NetName=NetDACA1_10 Pin=FPGA_Board1-10
Removed Pin From Net: NetName=NetDACB1_10 Pin=FPGA_Board1-11
Removed Member From Class: ClassName=RWcircuit_1 Member=C11
Added Pin To Net: NetName=DAC0 Pin=FPGA_Board1-12
Added Pin To Net: NetName=DAC1 Pin=FPGA_Board1-13
Added Pin To Net: NetName=DAC2 Pin=FPGA_Board1-14
Added Pin To Net: NetName=DAC3 Pin=FPGA_Board1-15
Added Pin To Net: NetName=DAC4 Pin=FPGA_Board1-16
Added Pin To Net: NetName=DAC5 Pin=FPGA_Board1-17
Added Pin To Net: NetName=NetDACA1_10 Pin=FPGA_Board1-18
Added Pin To Net: NetName=NetDACB1_10 Pin=FPGA_Board1-19
Added Pin To Net: NetName=NetFPGA_Board1_21 Pin=FPGA_Board1-21
Added Pin To Net: NetName=NetFPGA_Board1_21 Pin=LevelTr1-2
Added Net: Name=NetFPGA_Board1_21
Added Pin To Net: NetName=NetFPGA_Board1_22 Pin=FPGA_Board1-22
Added Pin To Net: NetName=NetFPGA_Board1_22 Pin=LevelTr1-3
Added Net: Name=NetFPGA_Board1_22
Added Member To Class: ClassName=RWcircuit_1 Member=Component C16 Cap Semi
