Removed Pin From Net: NetName=NetC4_1 Pin=P4-1
Removed Pin From Net: NetName=-5V Pin=P4-2
Removed Pin From Net: NetName=VSET Pin=P5-1
Removed Pin From Net: NetName=NetBNC1_1 Pin=P5-2
Removed Pin From Net: NetName=VSET Pin=P6-1
Removed Pin From Net: NetName=NetB1_1 Pin=P6-2
Removed Pin From Net: NetName=VSET Pin=P7-1
Removed Pin From Net: NetName=NetC1_2 Pin=P7-2
Removed Pin From Net: NetName=VRESET Pin=P8-1
Removed Pin From Net: NetName=NetBNC2_1 Pin=P8-2
Removed Pin From Net: NetName=NetP9_1 Pin=P9-1
Removed Pin From Net: NetName=NetC1_2 Pin=P9-2
Removed Pin From Net: NetName=NetP9_1 Pin=P10-2
Removed Pin From Net: NetName=VFORM Pin=P11-1
Removed Pin From Net: NetName=VRESET Pin=P12-1
Removed Pin From Net: NetName=NetB3_1 Pin=P12-2
Removed Pin From Net: NetName=VRESET Pin=P13-1
Removed Pin From Net: NetName=NetC4_1 Pin=P13-2
Removed Pin From Net: NetName=NetP9_1 Pin=P14-1
Removed Pin From Net: NetName=NetB4_1 Pin=P14-2
Removed Pin From Net: NetName=NetP15_1 Pin=P15-1
Removed Pin From Net: NetName=NetP9_1 Pin=P15-2
Removed Pin From Net: NetName=VFORM Pin=P16-1
Removed Pin From Net: NetName=NetP16_2 Pin=P16-2
Removed Pin From Net: NetName=VFORM Pin=P17-1
Removed Pin From Net: NetName=NetBNC3_1 Pin=P17-2
Removed Pin From Net: NetName=NetP18_1 Pin=P18-1
Removed Pin From Net: NetName=NetMUX6_22 Pin=P18-2
Removed Pin From Net: NetName=NetBNC4_1 Pin=P19-1
Removed Pin From Net: NetName=NetMUX6_22 Pin=P19-2
Removed Pin From Net: NetName=NetP20_1 Pin=P20-1
Removed Pin From Net: NetName=NetMUX6_22 Pin=P20-2
Removed Pin From Net: NetName=NetP15_1 Pin=R9-3
Added Pin To Net: NetName=-5V Pin=P4-1
Added Pin To Net: NetName=NetC4_1 Pin=P4-2
Added Pin To Net: NetName=NetBNC1_1 Pin=P5-1
Added Pin To Net: NetName=VSET Pin=P5-2
Added Pin To Net: NetName=NetB1_1 Pin=P6-1
Added Pin To Net: NetName=VSET Pin=P6-2
Added Pin To Net: NetName=NetC1_2 Pin=P7-1
Added Pin To Net: NetName=VSET Pin=P7-2
Added Pin To Net: NetName=NetBNC2_1 Pin=P8-1
Added Pin To Net: NetName=VRESET Pin=P8-2
Added Pin To Net: NetName=NetC1_2 Pin=P9-1
Added Pin To Net: NetName=NetP9_1 Pin=P9-2
Added Pin To Net: NetName=NetP9_1 Pin=P10-1
Added Pin To Net: NetName=VFORM Pin=P11-2
Added Pin To Net: NetName=NetB3_1 Pin=P12-1
Added Pin To Net: NetName=VRESET Pin=P12-2
Added Pin To Net: NetName=NetC4_1 Pin=P13-1
Added Pin To Net: NetName=VRESET Pin=P13-2
Added Pin To Net: NetName=NetB4_1 Pin=P14-1
Added Pin To Net: NetName=NetP9_1 Pin=P14-2
Added Pin To Net: NetName=NetP9_1 Pin=P15-1
Added Pin To Net: NetName=NetP15_1 Pin=P15-2
Added Pin To Net: NetName=NetP16_2 Pin=P16-1
Added Pin To Net: NetName=VFORM Pin=P16-2
Added Pin To Net: NetName=NetBNC3_1 Pin=P17-1
Added Pin To Net: NetName=VFORM Pin=P17-2
Added Pin To Net: NetName=NetMUX6_22 Pin=P18-1
Added Pin To Net: NetName=NetP18_1 Pin=P18-2
Added Pin To Net: NetName=NetMUX6_22 Pin=P19-1
Added Pin To Net: NetName=NetBNC4_1 Pin=P19-2
Added Pin To Net: NetName=NetMUX6_22 Pin=P20-1
Added Pin To Net: NetName=NetP20_1 Pin=P20-2
Added Pin To Net: NetName=NetP15_1 Pin=R9-1
Change Net Name : Old Net Name=NetP9_1 New Net Name=NetP9_2
Change Net Name : Old Net Name=NetP15_1 New Net Name=NetP15_2
Change Net Name : Old Net Name=NetP16_2 New Net Name=NetP16_1
Change Net Name : Old Net Name=NetP18_1 New Net Name=NetP18_2
Change Net Name : Old Net Name=NetP20_1 New Net Name=NetP20_2
