Removed Pin From Net: NetName=PIO26 Pin=AM1-1
Removed Pin From Net: NetName=PIO26 Pin=FPGA_Board1-26
Removed Pin From Net: NetName=PIO27 Pin=FPGA_Board1-27
Removed Pin From Net: NetName=PIO28 Pin=FPGA_Board1-28
Removed Pin From Net: NetName=PIO29 Pin=FPGA_Board1-29
Removed Pin From Net: NetName=PIO30 Pin=FPGA_Board1-30
Removed Pin From Net: NetName=PIO31 Pin=FPGA_Board1-31
Removed Pin From Net: NetName=PIO32 Pin=FPGA_Board1-32
Removed Pin From Net: NetName=PIO33 Pin=FPGA_Board1-33
Removed Pin From Net: NetName=PIO34 Pin=FPGA_Board1-34
Removed Pin From Net: NetName=PIO35 Pin=FPGA_Board1-35
Removed Pin From Net: NetName=PIO36 Pin=FPGA_Board1-36
Removed Pin From Net: NetName=PIO37 Pin=FPGA_Board1-37
Removed Pin From Net: NetName=PIO38 Pin=FPGA_Board1-38
Removed Pin From Net: NetName=S5 Pin=FPGA_Board1-39
Removed Pin From Net: NetName=S4 Pin=FPGA_Board1-40
Removed Pin From Net: NetName=S3 Pin=FPGA_Board1-41
Removed Pin From Net: NetName=S2 Pin=FPGA_Board1-42
Removed Pin From Net: NetName=S1 Pin=FPGA_Board1-43
Removed Pin From Net: NetName=S0 Pin=FPGA_Board1-44
Removed Pin From Net: NetName=A3 Pin=FPGA_Board1-45
Removed Pin From Net: NetName=A2 Pin=FPGA_Board1-46
Removed Pin From Net: NetName=A1 Pin=FPGA_Board1-47
Removed Pin From Net: NetName=A0 Pin=FPGA_Board1-48
Removed Pin From Net: NetName=PIO29 Pin=GR1-1
Removed Pin From Net: NetName=PIO27 Pin=RD1-1
Removed Pin From Net: NetName=PIO28 Pin=YL1-1
Added Pin To Net: NetName=S5 Pin=FPGA_Board1-26
Added Pin To Net: NetName=S4 Pin=FPGA_Board1-27
Added Pin To Net: NetName=S3 Pin=FPGA_Board1-28
Added Pin To Net: NetName=S2 Pin=FPGA_Board1-29
Added Pin To Net: NetName=S1 Pin=FPGA_Board1-30
Added Pin To Net: NetName=S0 Pin=FPGA_Board1-31
Added Pin To Net: NetName=A3 Pin=FPGA_Board1-32
Added Pin To Net: NetName=A2 Pin=FPGA_Board1-33
Added Pin To Net: NetName=A1 Pin=FPGA_Board1-34
Added Pin To Net: NetName=A0 Pin=FPGA_Board1-35
Added Pin To Net: NetName=NetAM1_1 Pin=AM1-1
Added Pin To Net: NetName=NetAM1_1 Pin=FPGA_Board1-45
Added Net: Name=NetAM1_1
Added Pin To Net: NetName=NetFPGA_Board1_46 Pin=FPGA_Board1-46
Added Pin To Net: NetName=NetFPGA_Board1_46 Pin=RD1-1
Added Net: Name=NetFPGA_Board1_46
Added Pin To Net: NetName=NetFPGA_Board1_47 Pin=FPGA_Board1-47
Added Pin To Net: NetName=NetFPGA_Board1_47 Pin=YL1-1
Added Net: Name=NetFPGA_Board1_47
Added Pin To Net: NetName=NetFPGA_Board1_48 Pin=FPGA_Board1-48
Added Pin To Net: NetName=NetFPGA_Board1_48 Pin=GR1-1
Added Net: Name=NetFPGA_Board1_48
