Replace Part BNC2 BNC in C:\Users\bisconti\Desktop\ReRAM Board\RWcircuit_2.SchDoc with BNC from Miscellaneous Connectors.IntLib
Replace Part C12 Cap Semi in C:\Users\bisconti\Desktop\ReRAM Board\RWcircuit_2.SchDoc with Cap Semi from Miscellaneous Devices.IntLib
Replace Part C13 Cap Semi in C:\Users\bisconti\Desktop\ReRAM Board\RWcircuit_2.SchDoc with Cap Semi from Miscellaneous Devices.IntLib
Replace Part C14 Cap Semi in C:\Users\bisconti\Desktop\ReRAM Board\RWcircuit_2.SchDoc with Cap Semi from Miscellaneous Devices.IntLib
Replace Part C15 Cap Semi in C:\Users\bisconti\Desktop\ReRAM Board\RWcircuit_2.SchDoc with Cap Semi from Miscellaneous Devices.IntLib
Replace Part C16 Cap Semi in C:\Users\bisconti\Desktop\ReRAM Board\RWcircuit_2.SchDoc with Cap Semi from Miscellaneous Devices.IntLib
Replace Part C17 Cap Semi in C:\Users\bisconti\Desktop\ReRAM Board\RWcircuit_2.SchDoc with Cap Semi from Miscellaneous Devices.IntLib
Replace Part D0 Diode BAS70 in C:\Users\bisconti\Desktop\ReRAM Board\RWcircuit_2.SchDoc with Diode BAS70 from Miscellaneous Devices.IntLib
Replace Part DACA0 AD558JNZ in C:\Users\bisconti\Desktop\ReRAM Board\RWcircuit_2.SchDoc with AD558JNZ from Analog Devices Data Converters Digital-to-Analog Converters.IntLib
Replace Part DACB0 AD558JNZ in C:\Users\bisconti\Desktop\ReRAM Board\RWcircuit_2.SchDoc with AD558JNZ from Analog Devices Data Converters Digital-to-Analog Converters.IntLib
Replace Part LevelTr0 TXS0104E in C:\Users\bisconti\Desktop\ReRAM Board\RWcircuit_2.SchDoc with TXS0104E from ReRAM_Board_library.IntLib
Replace Part P7 Header 2 in C:\Users\bisconti\Desktop\ReRAM Board\RWcircuit_2.SchDoc with Header 2 from Miscellaneous Connectors.IntLib
Replace Part P8 Header 2 in C:\Users\bisconti\Desktop\ReRAM Board\RWcircuit_2.SchDoc with Header 2 from Miscellaneous Connectors.IntLib
Replace Part P9 Header 2 in C:\Users\bisconti\Desktop\ReRAM Board\RWcircuit_2.SchDoc with Header 2 from Miscellaneous Connectors.IntLib
Replace Part R0 Res3 in C:\Users\bisconti\Desktop\ReRAM Board\RWcircuit_2.SchDoc with Res3 from Miscellaneous Devices.IntLib
Replace Part R1 Res3 in C:\Users\bisconti\Desktop\ReRAM Board\RWcircuit_2.SchDoc with Res3 from Miscellaneous Devices.IntLib
Replace Part R2 RPot SM in C:\Users\bisconti\Desktop\ReRAM Board\RWcircuit_2.SchDoc with RPot SM from Miscellaneous Devices.IntLib
Replace Part R3 Res3 in C:\Users\bisconti\Desktop\ReRAM Board\RWcircuit_2.SchDoc with Res3 from Miscellaneous Devices.IntLib
Replace Part R4 Res3 in C:\Users\bisconti\Desktop\ReRAM Board\RWcircuit_2.SchDoc with Res3 from Miscellaneous Devices.IntLib
Replace Part R5 Res3 in C:\Users\bisconti\Desktop\ReRAM Board\RWcircuit_2.SchDoc with Res3 from Miscellaneous Devices.IntLib
Replace Part U1 AD8616ARZ in C:\Users\bisconti\Desktop\ReRAM Board\RWcircuit_2.SchDoc with AD8616ARZ from Analog Devices Operational Amplifiers.IntLib
Replace Part U1 AD8616ARZ in C:\Users\bisconti\Desktop\ReRAM Board\RWcircuit_2.SchDoc with AD8616ARZ from Analog Devices Operational Amplifiers.IntLib
Replace Part U2 AD8616ARZ in C:\Users\bisconti\Desktop\ReRAM Board\RWcircuit_2.SchDoc with AD8616ARZ from Analog Devices Operational Amplifiers.IntLib
Replace Part U4 LT1167AIS8#PBF in C:\Users\bisconti\Desktop\ReRAM Board\RWcircuit_2.SchDoc with LT1167AIS8#PBF from Linear Technology Operational Amplifiers (LT1000).IntLib
