Replace Symbol from BNC4 BNC in \\files0\data\bisconti\My Documents\ReRAM Board\RWcircuit_2.SchDoc with BNC from Miscellaneous Connectors.IntLib
Replace Symbol from C18 Cap Semi in \\files0\data\bisconti\My Documents\ReRAM Board\RWcircuit_2.SchDoc with Cap Semi from Miscellaneous Devices.IntLib
Replace Symbol from C19 Cap Semi in \\files0\data\bisconti\My Documents\ReRAM Board\RWcircuit_2.SchDoc with Cap Semi from Miscellaneous Devices.IntLib
Replace Symbol from C20 Cap Semi in \\files0\data\bisconti\My Documents\ReRAM Board\RWcircuit_2.SchDoc with Cap Semi from Miscellaneous Devices.IntLib
Replace Symbol from C21 Cap Semi in \\files0\data\bisconti\My Documents\ReRAM Board\RWcircuit_2.SchDoc with Cap Semi from Miscellaneous Devices.IntLib
Replace Symbol from C22 Cap Semi in \\files0\data\bisconti\My Documents\ReRAM Board\RWcircuit_2.SchDoc with Cap Semi from Miscellaneous Devices.IntLib
Replace Symbol from C23 Cap Semi in \\files0\data\bisconti\My Documents\ReRAM Board\RWcircuit_2.SchDoc with Cap Semi from Miscellaneous Devices.IntLib
Replace Symbol from C24 Cap Semi in \\files0\data\bisconti\My Documents\ReRAM Board\RWcircuit_2.SchDoc with Cap Semi from Miscellaneous Devices.IntLib
Replace Symbol from DACA1 AD558JNZ in \\files0\data\bisconti\My Documents\ReRAM Board\RWcircuit_2.SchDoc with AD558JNZ from Analog Devices Data Converters Digital-to-Analog Converters.IntLib
Replace Symbol from DACB1 AD558JNZ in \\files0\data\bisconti\My Documents\ReRAM Board\RWcircuit_2.SchDoc with AD558JNZ from Analog Devices Data Converters Digital-to-Analog Converters.IntLib
Replace Symbol from H1 M3_hole in \\files0\data\bisconti\My Documents\ReRAM Board\RWcircuit_2.SchDoc with M3_hole from ReRAM_Board_library.IntLib
Replace Symbol from H2 M3_hole in \\files0\data\bisconti\My Documents\ReRAM Board\RWcircuit_2.SchDoc with M3_hole from ReRAM_Board_library.IntLib
Replace Symbol from H3 M3_hole in \\files0\data\bisconti\My Documents\ReRAM Board\RWcircuit_2.SchDoc with M3_hole from ReRAM_Board_library.IntLib
Replace Symbol from LevelTr1 TXS0104E in \\files0\data\bisconti\My Documents\ReRAM Board\RWcircuit_2.SchDoc with TXS0104E from ReRAM_Board_library.IntLib
Replace Symbol from P18 Header 2 in \\files0\data\bisconti\My Documents\ReRAM Board\RWcircuit_2.SchDoc with Header 2 from Miscellaneous Connectors.IntLib
Replace Symbol from P19 Header 2 in \\files0\data\bisconti\My Documents\ReRAM Board\RWcircuit_2.SchDoc with Header 2 from Miscellaneous Connectors.IntLib
Replace Symbol from P20 Header 2 in \\files0\data\bisconti\My Documents\ReRAM Board\RWcircuit_2.SchDoc with Header 2 from Miscellaneous Connectors.IntLib
Replace Symbol from R10 Res3 in \\files0\data\bisconti\My Documents\ReRAM Board\RWcircuit_2.SchDoc with Res3 from Miscellaneous Devices.IntLib
Replace Symbol from R11 Trim_Vishay_70_Series in \\files0\data\bisconti\My Documents\ReRAM Board\RWcircuit_2.SchDoc with Trim_Vishay_70_Series from ReRAM_Board_library.IntLib
Replace Symbol from R12 Res3 in \\files0\data\bisconti\My Documents\ReRAM Board\RWcircuit_2.SchDoc with Res3 from Miscellaneous Devices.IntLib
Replace Symbol from R14 Trim_Vishay_70_Series in \\files0\data\bisconti\My Documents\ReRAM Board\RWcircuit_2.SchDoc with Trim_Vishay_70_Series from ReRAM_Board_library.IntLib
Replace Symbol from R15 Res3 in \\files0\data\bisconti\My Documents\ReRAM Board\RWcircuit_2.SchDoc with Res3 from Miscellaneous Devices.IntLib
Replace Symbol from R16 Res3 in \\files0\data\bisconti\My Documents\ReRAM Board\RWcircuit_2.SchDoc with Res3 from Miscellaneous Devices.IntLib
Replace Symbol from T4 Test_point_1.32mm in \\files0\data\bisconti\My Documents\ReRAM Board\RWcircuit_2.SchDoc with Test_point_1.32mm from ReRAM_Board_library.IntLib
Replace Symbol from T5 Test_point_1.32mm in \\files0\data\bisconti\My Documents\ReRAM Board\RWcircuit_2.SchDoc with Test_point_1.32mm from ReRAM_Board_library.IntLib
Replace Symbol from T6 Test_point_1.32mm in \\files0\data\bisconti\My Documents\ReRAM Board\RWcircuit_2.SchDoc with Test_point_1.32mm from ReRAM_Board_library.IntLib
Replace Symbol from T7 Test_point_1.32mm in \\files0\data\bisconti\My Documents\ReRAM Board\RWcircuit_2.SchDoc with Test_point_1.32mm from ReRAM_Board_library.IntLib
Replace Symbol from T8 Test_point_1.32mm in \\files0\data\bisconti\My Documents\ReRAM Board\RWcircuit_2.SchDoc with Test_point_1.32mm from ReRAM_Board_library.IntLib
Replace Symbol from T9 Test_point_1.32mm in \\files0\data\bisconti\My Documents\ReRAM Board\RWcircuit_2.SchDoc with Test_point_1.32mm from ReRAM_Board_library.IntLib
Replace Symbol from T10 Test_point_1.32mm in \\files0\data\bisconti\My Documents\ReRAM Board\RWcircuit_2.SchDoc with Test_point_1.32mm from ReRAM_Board_library.IntLib
Replace Symbol from T11 Test_point_1.32mm in \\files0\data\bisconti\My Documents\ReRAM Board\RWcircuit_2.SchDoc with Test_point_1.32mm from ReRAM_Board_library.IntLib
Replace Symbol from T12 Test_point_1.32mm in \\files0\data\bisconti\My Documents\ReRAM Board\RWcircuit_2.SchDoc with Test_point_1.32mm from ReRAM_Board_library.IntLib
Replace Symbol from U1 AD8616ARZ in \\files0\data\bisconti\My Documents\ReRAM Board\RWcircuit_2.SchDoc with AD8616ARZ from Analog Devices Operational Amplifiers.IntLib
Replace Symbol from U1 AD8616ARZ in \\files0\data\bisconti\My Documents\ReRAM Board\RWcircuit_2.SchDoc with AD8616ARZ from Analog Devices Operational Amplifiers.IntLib
Replace Symbol from U2 LT1167AIS8#PBF in \\files0\data\bisconti\My Documents\ReRAM Board\RWcircuit_2.SchDoc with LT1167AIS8#PBF from Linear Technology Operational Amplifiers (LT1000).IntLib
Replace Symbol from U3 AD8616ARZ in \\files0\data\bisconti\My Documents\ReRAM Board\RWcircuit_2.SchDoc with AD8616ARZ from Analog Devices Operational Amplifiers.IntLib
