Replace Symbol from B1 Banana_conn_4mm in \\files0\data\bisconti\My Documents\ReRAM Board\RWcircuit_1.SchDoc with Banana_conn_4mm from ReRAM_Board_library.IntLib
Replace Symbol from B2 Banana_conn_4mm in \\files0\data\bisconti\My Documents\ReRAM Board\RWcircuit_1.SchDoc with Banana_conn_4mm from ReRAM_Board_library.IntLib
Replace Symbol from B3 Banana_conn_4mm in \\files0\data\bisconti\My Documents\ReRAM Board\RWcircuit_1.SchDoc with Banana_conn_4mm from ReRAM_Board_library.IntLib
Replace Symbol from B4 Banana_conn_4mm in \\files0\data\bisconti\My Documents\ReRAM Board\RWcircuit_1.SchDoc with Banana_conn_4mm from ReRAM_Board_library.IntLib
Replace Symbol from BNC1 BNC in \\files0\data\bisconti\My Documents\ReRAM Board\RWcircuit_1.SchDoc with BNC from Miscellaneous Connectors.IntLib
Replace Symbol from BNC2 BNC in \\files0\data\bisconti\My Documents\ReRAM Board\RWcircuit_1.SchDoc with BNC from Miscellaneous Connectors.IntLib
Replace Symbol from BNC3 BNC in \\files0\data\bisconti\My Documents\ReRAM Board\RWcircuit_1.SchDoc with BNC from Miscellaneous Connectors.IntLib
Replace Symbol from C16 Cap Semi in \\files0\data\bisconti\My Documents\ReRAM Board\RWcircuit_1.SchDoc with Cap Semi from Miscellaneous Devices.IntLib
Replace Symbol from C17 Cap Semi in \\files0\data\bisconti\My Documents\ReRAM Board\RWcircuit_1.SchDoc with Cap Semi from Miscellaneous Devices.IntLib
Replace Symbol from MUX6 ADG1606 in \\files0\data\bisconti\My Documents\ReRAM Board\RWcircuit_1.SchDoc with ADG1606 from ReRAM_Board_library.IntLib
Replace Symbol from P5 Header 2 in \\files0\data\bisconti\My Documents\ReRAM Board\RWcircuit_1.SchDoc with Header 2 from Miscellaneous Connectors.IntLib
Replace Symbol from P6 Header 2 in \\files0\data\bisconti\My Documents\ReRAM Board\RWcircuit_1.SchDoc with Header 2 from Miscellaneous Connectors.IntLib
Replace Symbol from P7 Header 2 in \\files0\data\bisconti\My Documents\ReRAM Board\RWcircuit_1.SchDoc with Header 2 from Miscellaneous Connectors.IntLib
Replace Symbol from P8 Header 2 in \\files0\data\bisconti\My Documents\ReRAM Board\RWcircuit_1.SchDoc with Header 2 from Miscellaneous Connectors.IntLib
Replace Symbol from P9 Header 2 in \\files0\data\bisconti\My Documents\ReRAM Board\RWcircuit_1.SchDoc with Header 2 from Miscellaneous Connectors.IntLib
Replace Symbol from P10 Header 2 in \\files0\data\bisconti\My Documents\ReRAM Board\RWcircuit_1.SchDoc with Header 2 from Miscellaneous Connectors.IntLib
Replace Symbol from P11 Header 2 in \\files0\data\bisconti\My Documents\ReRAM Board\RWcircuit_1.SchDoc with Header 2 from Miscellaneous Connectors.IntLib
Replace Symbol from P12 Header 2 in \\files0\data\bisconti\My Documents\ReRAM Board\RWcircuit_1.SchDoc with Header 2 from Miscellaneous Connectors.IntLib
Replace Symbol from P13 Header 2 in \\files0\data\bisconti\My Documents\ReRAM Board\RWcircuit_1.SchDoc with Header 2 from Miscellaneous Connectors.IntLib
Replace Symbol from P14 Header 2 in \\files0\data\bisconti\My Documents\ReRAM Board\RWcircuit_1.SchDoc with Header 2 from Miscellaneous Connectors.IntLib
Replace Symbol from P15 Header 2 in \\files0\data\bisconti\My Documents\ReRAM Board\RWcircuit_1.SchDoc with Header 2 from Miscellaneous Connectors.IntLib
Replace Symbol from P16 Header 2 in \\files0\data\bisconti\My Documents\ReRAM Board\RWcircuit_1.SchDoc with Header 2 from Miscellaneous Connectors.IntLib
Replace Symbol from P17 Header 2 in \\files0\data\bisconti\My Documents\ReRAM Board\RWcircuit_1.SchDoc with Header 2 from Miscellaneous Connectors.IntLib
Replace Symbol from Q1 MMBT5086_PNP in \\files0\data\bisconti\My Documents\ReRAM Board\RWcircuit_1.SchDoc with MMBT5086_PNP from ReRAM_Board_library.IntLib
Replace Symbol from Q2 MMBT5086_PNP in \\files0\data\bisconti\My Documents\ReRAM Board\RWcircuit_1.SchDoc with MMBT5086_PNP from ReRAM_Board_library.IntLib
Replace Symbol from R9 Trim_Bourns_3266X in \\files0\data\bisconti\My Documents\ReRAM Board\RWcircuit_1.SchDoc with Trim_Bourns_3266X from ReRAM_Board_library.IntLib
Replace Symbol from R13 Res3 in \\files0\data\bisconti\My Documents\ReRAM Board\RWcircuit_1.SchDoc with Res3 from Miscellaneous Devices.IntLib
Replace Symbol from R17 Res3 in \\files0\data\bisconti\My Documents\ReRAM Board\RWcircuit_1.SchDoc with Res3 from Miscellaneous Devices.IntLib
Replace Symbol from R18 Res3 in \\files0\data\bisconti\My Documents\ReRAM Board\RWcircuit_1.SchDoc with Res3 from Miscellaneous Devices.IntLib
Replace Symbol from T1 Test_point_1.32mm in \\files0\data\bisconti\My Documents\ReRAM Board\RWcircuit_1.SchDoc with Test_point_1.32mm from ReRAM_Board_library.IntLib
Replace Symbol from T2 Test_point_1.32mm in \\files0\data\bisconti\My Documents\ReRAM Board\RWcircuit_1.SchDoc with Test_point_1.32mm from ReRAM_Board_library.IntLib
Replace Symbol from T3 Test_point_1.32mm in \\files0\data\bisconti\My Documents\ReRAM Board\RWcircuit_1.SchDoc with Test_point_1.32mm from ReRAM_Board_library.IntLib
